2025-06-04 14:40:46,695 [INFO] Activator:176 - 


2025-06-04 14:40:46,698 [INFO] Activator:177 - !SESSION log4j initialized
2025-06-04 14:40:50,932 [INFO] LogOutputStream:77 - [STDOUT_REDIRECT] 
2025-06-04 14:40:52,031 [INFO] ApplicationProperties:184 - Using Application install path: C:\ST\STM32CubeIDE_1.18.1\STM32CubeIDE\plugins\com.st.stm32cube.common.mx_6.14.1.202504091515
2025-06-04 14:40:52,051 [INFO] DbMcusXml:78 - Set database path to: C:\ST\STM32CubeIDE_1.18.1\STM32CubeIDE\plugins\com.st.stm32cube.common.mx_6.14.1.202504091515\\db\/mcu/
2025-06-04 14:40:52,051 [INFO] ApiDb:274 - Set plugin database path to: C:\ST\STM32CubeIDE_1.18.1\STM32CubeIDE\plugins\com.st.stm32cube.common.mx_6.14.1.202504091515\\db\/plugins/boardmanager/
2025-06-04 14:40:52,051 [WARN] ApiDb:259 - Overriding images path with different value:  => C:\ST\STM32CubeIDE_1.18.1\STM32CubeIDE\plugins\com.st.stm32cube.common.mx_6.14.1.202504091515\\db\/plugins/mcufinder/images/
2025-06-04 14:40:52,062 [INFO] ApiDb:250 - Set database path to: C:\Users\kccistc\.stmcufinder\plugins\mcufinder//mcu/
2025-06-04 14:40:52,064 [INFO] DbMcusAds:125 - Set database path to: C:\Users\kccistc\.stmcufinder\plugins\mcufinder//mcu/
2025-06-04 14:40:52,066 [INFO] CrossReferenceDbSqlite:203 - Set database path to: C:\Users\kccistc\.stmcufinder\plugins\mcufinder//mcu/cs/
2025-06-04 14:40:52,183 [INFO] RulesReader:64 - Compatibility file has been processed (302 Rules)
2025-06-04 14:40:52,270 [INFO] DbMcusXml:78 - Set database path to: C:\ST\STM32CubeIDE_1.18.1\STM32CubeIDE\plugins\com.st.stm32cube.common.mx_6.14.1.202504091515\\db\/mcu/
2025-06-04 14:40:52,270 [INFO] ApiDb:274 - Set plugin database path to: C:\ST\STM32CubeIDE_1.18.1\STM32CubeIDE\plugins\com.st.stm32cube.common.mx_6.14.1.202504091515\\db\/plugins/boardmanager/
2025-06-04 14:40:52,270 [INFO] ApiDb:261 - Set plugin images path to: C:\ST\STM32CubeIDE_1.18.1\STM32CubeIDE\plugins\com.st.stm32cube.common.mx_6.14.1.202504091515\\db\/plugins/mcufinder/images/
2025-06-04 14:40:52,270 [WARN] DbFile:41 - Overriding database path with different value: C:\Users\kccistc\.stmcufinder\plugins\mcufinder/ => C:\Users\kccistc\.stmcufinder\plugins\mcufinder
2025-06-04 14:40:52,270 [INFO] ApiDb:250 - Set database path to: C:\Users\kccistc\.stmcufinder\plugins\mcufinder//mcu/
2025-06-04 14:40:52,271 [WARN] DbFile:41 - Overriding database path with different value: C:\Users\kccistc\.stmcufinder\plugins\mcufinder/ => C:\Users\kccistc\.stmcufinder\plugins\mcufinder
2025-06-04 14:40:52,271 [INFO] DbMcusAds:125 - Set database path to: C:\Users\kccistc\.stmcufinder\plugins\mcufinder//mcu/
2025-06-04 14:40:52,271 [WARN] DbFile:41 - Overriding database path with different value: C:\Users\kccistc\.stmcufinder\plugins\mcufinder/ => C:\Users\kccistc\.stmcufinder\plugins\mcufinder
2025-06-04 14:40:52,271 [WARN] DbFile:41 - Overriding database path with different value: C:\Users\kccistc\.stmcufinder\plugins\mcufinder/ => C:\Users\kccistc\.stmcufinder\plugins\mcufinder
2025-06-04 14:40:52,271 [INFO] CrossReferenceDbSqlite:203 - Set database path to: C:\Users\kccistc\.stmcufinder\plugins\mcufinder//mcu/cs/
2025-06-04 14:40:52,334 [INFO] MainPanel:272 - HeapMemory: 268435456
2025-06-04 14:40:52,425 [INFO] DbMcusXml:78 - Set database path to: C:\ST\STM32CubeIDE_1.18.1\STM32CubeIDE\plugins\com.st.stm32cube.common.mx_6.14.1.202504091515\\db\/mcu/
2025-06-04 14:40:52,425 [INFO] ApiDb:274 - Set plugin database path to: C:\ST\STM32CubeIDE_1.18.1\STM32CubeIDE\plugins\com.st.stm32cube.common.mx_6.14.1.202504091515\\db\/plugins/boardmanager/
2025-06-04 14:40:52,426 [INFO] ApiDb:261 - Set plugin images path to: C:\ST\STM32CubeIDE_1.18.1\STM32CubeIDE\plugins\com.st.stm32cube.common.mx_6.14.1.202504091515\\db\/plugins/mcufinder/images/
2025-06-04 14:40:52,426 [WARN] DbFile:41 - Overriding database path with different value: C:\Users\kccistc\.stmcufinder\plugins\mcufinder/ => C:\Users\kccistc\.stmcufinder\plugins\mcufinder
2025-06-04 14:40:52,426 [INFO] ApiDb:250 - Set database path to: C:\Users\kccistc\.stmcufinder\plugins\mcufinder//mcu/
2025-06-04 14:40:52,426 [WARN] DbFile:41 - Overriding database path with different value: C:\Users\kccistc\.stmcufinder\plugins\mcufinder/ => C:\Users\kccistc\.stmcufinder\plugins\mcufinder
2025-06-04 14:40:52,426 [INFO] DbMcusAds:125 - Set database path to: C:\Users\kccistc\.stmcufinder\plugins\mcufinder//mcu/
2025-06-04 14:40:52,426 [WARN] DbFile:41 - Overriding database path with different value: C:\Users\kccistc\.stmcufinder\plugins\mcufinder/ => C:\Users\kccistc\.stmcufinder\plugins\mcufinder
2025-06-04 14:40:52,426 [WARN] DbFile:41 - Overriding database path with different value: C:\Users\kccistc\.stmcufinder\plugins\mcufinder/ => C:\Users\kccistc\.stmcufinder\plugins\mcufinder
2025-06-04 14:40:52,426 [INFO] CrossReferenceDbSqlite:203 - Set database path to: C:\Users\kccistc\.stmcufinder\plugins\mcufinder//mcu/cs/
2025-06-04 14:40:52,443 [INFO] ApplicationProperties:184 - Using Application install path: C:\ST\STM32CubeIDE_1.18.1\STM32CubeIDE\plugins\com.st.stm32cube.common.mx_6.14.1.202504091515
2025-06-04 14:40:52,444 [INFO] PluginManage:196 - Search for loadable plugins [exclusion list=, ]
2025-06-04 14:40:52,445 [INFO] PluginManage:310 - Check plugin analytics
2025-06-04 14:40:52,636 [INFO] AnalyticsPlugin:253 - Accepted Software Licenses: 
2025-06-04 14:40:52,636 [INFO] AnalyticsPlugin:255 - Accepted CMSIS Pack Licenses: 
2025-06-04 14:40:52,636 [INFO] AnalyticsPlugin:257 - Accepted Firmware Licenses: FW.F4.1.28.0
2025-06-04 14:40:52,640 [INFO] PluginManage:359 - Loaded plugin analytics (category:tool,tabindex:-1)
2025-06-04 14:40:52,640 [INFO] PluginManage:310 - Check plugin cadmodel
2025-06-04 14:40:52,647 [INFO] CADModel:105 - Init CAD model plugin
2025-06-04 14:40:52,648 [INFO] PluginManage:359 - Loaded plugin cadmodel (category:power,tabindex:5)
2025-06-04 14:40:52,648 [INFO] PluginManage:310 - Check plugin clock
2025-06-04 14:40:52,657 [INFO] PluginManage:359 - Loaded plugin clock (category:base,tabindex:2)
2025-06-04 14:40:52,657 [INFO] PluginManage:310 - Check plugin ddr
2025-06-04 14:40:52,660 [INFO] PluginManage:359 - Loaded plugin ddr (category:tool,tabindex:6)
2025-06-04 14:40:52,660 [INFO] PluginManage:310 - Check plugin filemanager
2025-06-04 14:40:52,794 [INFO] PluginManage:359 - Loaded plugin filemanager (category:base,tabindex:10)
2025-06-04 14:40:52,794 [INFO] PluginManage:310 - Check plugin ipmanager
2025-06-04 14:40:52,801 [INFO] PluginManage:359 - Loaded plugin ipmanager (category:base,tabindex:5)
2025-06-04 14:40:52,801 [INFO] PluginManage:310 - Check plugin lpbam
2025-06-04 14:40:52,809 [INFO] PluginManage:359 - Loaded plugin lpbam (category:base,tabindex:0)
2025-06-04 14:40:52,809 [INFO] PluginManage:310 - Check plugin memorymap
2025-06-04 14:40:52,844 [INFO] PluginManage:359 - Loaded plugin memorymap (category:base,tabindex:4)
2025-06-04 14:40:52,844 [INFO] PluginManage:310 - Check plugin pinoutandconfiguration
2025-06-04 14:40:52,858 [INFO] PluginManage:359 - Loaded plugin pinoutandconfiguration (category:base,tabindex:1)
2025-06-04 14:40:52,858 [INFO] PluginManage:310 - Check plugin pinoutconfig
2025-06-04 14:40:52,973 [WARN] SupportedApi:132 - Cannot load RTOS API schema: s4s-elt-must-match.1: The content of 'definitions' must match (annotation?, (simpleType | complexType)?, (unique | key | keyref)*)). A problem was found starting at: attribute.
2025-06-04 14:40:53,114 [INFO] PluginManage:359 - Loaded plugin pinoutconfig (category:base,tabindex:0)
2025-06-04 14:40:53,114 [INFO] PluginManage:310 - Check plugin power
2025-06-04 14:40:53,125 [INFO] PluginManage:359 - Loaded plugin power (category:power,tabindex:4)
2025-06-04 14:40:53,125 [INFO] PluginManage:310 - Check plugin projectmanager
2025-06-04 14:40:53,140 [INFO] PluginManage:359 - Loaded plugin projectmanager (category:projectmanager,tabindex:4)
2025-06-04 14:40:53,140 [INFO] PluginManage:310 - Check plugin rif
2025-06-04 14:40:53,147 [INFO] PluginManage:359 - Loaded plugin rif (category:base,tabindex:3)
2025-06-04 14:40:53,147 [INFO] PluginManage:310 - Check plugin thirdparty
2025-06-04 14:40:53,277 [WARN] IntegrityCheckThread:84 - waiting for thirdparty lock release [integrity check]
2025-06-04 14:40:53,278 [INFO] IntegrityCheckThread:86 - entering critical section [integrity check]
2025-06-04 14:40:53,278 [INFO] ThirdPartyUpdaterWithRetryManager:70 - Updater plugin not ready yet. [1/15]
2025-06-04 14:40:53,278 [INFO] PluginManage:359 - Loaded plugin thirdparty (category:base,tabindex:-1)
2025-06-04 14:40:53,279 [INFO] PluginManage:310 - Check plugin tools
2025-06-04 14:40:53,281 [INFO] PluginManage:359 - Loaded plugin tools (category:base,tabindex:7)
2025-06-04 14:40:53,281 [INFO] PluginManage:310 - Check plugin tutovideos
2025-06-04 14:40:53,448 [INFO] PluginManage:359 - Loaded plugin tutovideos (category:base,tabindex:-1)
2025-06-04 14:40:53,449 [INFO] PluginManage:310 - Check plugin updater
2025-06-04 14:40:53,472 [INFO] PluginManage:359 - Loaded plugin updater (category:base,tabindex:12)
2025-06-04 14:40:53,473 [INFO] PluginManage:310 - Check plugin userauth
2025-06-04 14:40:53,478 [INFO] UserAuth:118 - Init User Auth plugin
2025-06-04 14:40:53,479 [INFO] PluginManage:359 - Loaded plugin userauth (category:base,tabindex:14)
2025-06-04 14:40:53,479 [INFO] PluginManage:283 - PluginManage : Loaded plugins [18]
2025-06-04 14:40:53,661 [INFO] PinOutPanel:1589 - setPackage(No Configuration,No Configuration)
2025-06-04 14:40:53,740 [INFO] CADModel:165 - CPN selected for project level
2025-06-04 14:40:53,740 [INFO] CADModel:114 - Register for checkConnection events
2025-06-04 14:40:53,763 [INFO] IPUIPlugin:80 - create IPUIPlugin
2025-06-04 14:40:53,763 [INFO] PluginManager:220 - loadIPPluginJar : add adc
2025-06-04 14:40:53,766 [INFO] IPUIPlugin:80 - create IPUIPlugin
2025-06-04 14:40:53,767 [INFO] PluginManager:220 - loadIPPluginJar : add aes
2025-06-04 14:40:53,770 [INFO] IPUIPlugin:80 - create IPUIPlugin
2025-06-04 14:40:53,770 [INFO] PluginManager:220 - loadIPPluginJar : add can
2025-06-04 14:40:53,772 [INFO] IPUIPlugin:80 - create IPUIPlugin
2025-06-04 14:40:53,772 [INFO] PluginManager:220 - loadIPPluginJar : add comp
2025-06-04 14:40:53,776 [INFO] IPUIPlugin:80 - create IPUIPlugin
2025-06-04 14:40:53,776 [INFO] PluginManager:220 - loadIPPluginJar : add cryp
2025-06-04 14:40:53,780 [INFO] IPUIPlugin:80 - create IPUIPlugin
2025-06-04 14:40:53,780 [INFO] PluginManager:220 - loadIPPluginJar : add ddr_ctrl_phy
2025-06-04 14:40:53,783 [INFO] IPUIPlugin:80 - create IPUIPlugin
2025-06-04 14:40:53,783 [INFO] PluginManager:220 - loadIPPluginJar : add dfsdm
2025-06-04 14:40:53,791 [INFO] IPUIPlugin:80 - create IPUIPlugin
2025-06-04 14:40:53,792 [INFO] PluginManager:220 - loadIPPluginJar : add dma
2025-06-04 14:40:53,798 [INFO] IPUIPlugin:80 - create IPUIPlugin
2025-06-04 14:40:53,798 [INFO] PluginManager:220 - loadIPPluginJar : add dma3
2025-06-04 14:40:53,802 [INFO] IPUIPlugin:80 - create IPUIPlugin
2025-06-04 14:40:53,802 [INFO] PluginManager:220 - loadIPPluginJar : add extmemmanager
2025-06-04 14:40:53,805 [INFO] IPUIPlugin:80 - create IPUIPlugin
2025-06-04 14:40:53,805 [INFO] PluginManager:220 - loadIPPluginJar : add fatfs
2025-06-04 14:40:53,811 [INFO] IPUIPlugin:80 - create IPUIPlugin
2025-06-04 14:40:53,812 [INFO] PluginManager:220 - loadIPPluginJar : add fmc
2025-06-04 14:40:53,824 [INFO] IPUIPlugin:80 - create IPUIPlugin
2025-06-04 14:40:53,824 [INFO] PluginManager:220 - loadIPPluginJar : add freertos
2025-06-04 14:40:53,827 [INFO] IPUIPlugin:80 - create IPUIPlugin
2025-06-04 14:40:53,827 [INFO] PluginManager:220 - loadIPPluginJar : add genericplugin
2025-06-04 14:40:53,832 [INFO] IPUIPlugin:80 - create IPUIPlugin
2025-06-04 14:40:53,832 [INFO] PluginManager:220 - loadIPPluginJar : add gfxmmu
2025-06-04 14:40:53,838 [INFO] IPUIPlugin:80 - create IPUIPlugin
2025-06-04 14:40:53,839 [INFO] PluginManager:220 - loadIPPluginJar : add gic
2025-06-04 14:40:53,845 [INFO] IPUIPlugin:80 - create IPUIPlugin
2025-06-04 14:40:53,845 [INFO] PluginManager:220 - loadIPPluginJar : add gpio
2025-06-04 14:40:53,851 [INFO] IPUIPlugin:80 - create IPUIPlugin
2025-06-04 14:40:53,851 [INFO] PluginManager:220 - loadIPPluginJar : add gtzc
2025-06-04 14:40:53,855 [INFO] IPUIPlugin:80 - create IPUIPlugin
2025-06-04 14:40:53,855 [INFO] PluginManager:220 - loadIPPluginJar : add hash
2025-06-04 14:40:53,860 [INFO] IPUIPlugin:80 - create IPUIPlugin
2025-06-04 14:40:53,860 [INFO] PluginManager:220 - loadIPPluginJar : add i2c
2025-06-04 14:40:53,864 [INFO] IPUIPlugin:80 - create IPUIPlugin
2025-06-04 14:40:53,864 [INFO] PluginManager:220 - loadIPPluginJar : add i2s
2025-06-04 14:40:53,868 [INFO] IPUIPlugin:80 - create IPUIPlugin
2025-06-04 14:40:53,868 [INFO] PluginManager:220 - loadIPPluginJar : add i3c
2025-06-04 14:40:53,876 [INFO] IPUIPlugin:80 - create IPUIPlugin
2025-06-04 14:40:53,876 [INFO] PluginManager:220 - loadIPPluginJar : add ipddr
2025-06-04 14:40:53,884 [INFO] IPUIPlugin:80 - create IPUIPlugin
2025-06-04 14:40:53,885 [INFO] PluginManager:220 - loadIPPluginJar : add linkedlist
2025-06-04 14:40:53,890 [INFO] IPUIPlugin:80 - create IPUIPlugin
2025-06-04 14:40:53,890 [INFO] PluginManager:220 - loadIPPluginJar : add lorawan
2025-06-04 14:40:53,893 [INFO] IPUIPlugin:80 - create IPUIPlugin
2025-06-04 14:40:53,893 [INFO] PluginManager:220 - loadIPPluginJar : add ltdc
2025-06-04 14:40:53,903 [INFO] IPUIPlugin:80 - create IPUIPlugin
2025-06-04 14:40:53,903 [INFO] PluginManager:220 - loadIPPluginJar : add mdma
2025-06-04 14:40:53,910 [INFO] IPUIPlugin:80 - create IPUIPlugin
2025-06-04 14:40:53,911 [INFO] PluginManager:220 - loadIPPluginJar : add nvic
2025-06-04 14:40:53,916 [INFO] IPUIPlugin:80 - create IPUIPlugin
2025-06-04 14:40:53,916 [INFO] PluginManager:220 - loadIPPluginJar : add opamp
2025-06-04 14:40:53,921 [INFO] IPUIPlugin:80 - create IPUIPlugin
2025-06-04 14:40:53,921 [INFO] PluginManager:220 - loadIPPluginJar : add openamp
2025-06-04 14:40:53,926 [INFO] IPUIPlugin:80 - create IPUIPlugin
2025-06-04 14:40:53,927 [INFO] PluginManager:220 - loadIPPluginJar : add pdm2pcm
2025-06-04 14:40:53,938 [INFO] IPUIPlugin:80 - create IPUIPlugin
2025-06-04 14:40:53,944 [INFO] PluginManager:220 - loadIPPluginJar : add plateformsettings
2025-06-04 14:40:53,947 [INFO] IPUIPlugin:80 - create IPUIPlugin
2025-06-04 14:40:53,947 [INFO] PluginManager:220 - loadIPPluginJar : add quadspi
2025-06-04 14:40:53,953 [INFO] IPUIPlugin:80 - create IPUIPlugin
2025-06-04 14:40:53,954 [INFO] PluginManager:220 - loadIPPluginJar : add radio
2025-06-04 14:40:53,966 [INFO] IPUIPlugin:80 - create IPUIPlugin
2025-06-04 14:40:53,966 [INFO] PluginManager:220 - loadIPPluginJar : add resmgrutility
2025-06-04 14:40:53,975 [INFO] IPUIPlugin:80 - create IPUIPlugin
2025-06-04 14:40:53,976 [INFO] PluginManager:220 - loadIPPluginJar : add sai
2025-06-04 14:40:53,980 [INFO] IPUIPlugin:80 - create IPUIPlugin
2025-06-04 14:40:53,980 [INFO] PluginManager:220 - loadIPPluginJar : add spi
2025-06-04 14:40:53,992 [INFO] IPUIPlugin:80 - create IPUIPlugin
2025-06-04 14:40:53,992 [INFO] PluginManager:220 - loadIPPluginJar : add stm32_wpan
2025-06-04 14:40:53,997 [INFO] IPUIPlugin:80 - create IPUIPlugin
2025-06-04 14:40:53,997 [INFO] PluginManager:220 - loadIPPluginJar : add tim
2025-06-04 14:40:54,002 [INFO] IPUIPlugin:80 - create IPUIPlugin
2025-06-04 14:40:54,002 [INFO] PluginManager:220 - loadIPPluginJar : add touchsensing
2025-06-04 14:40:54,006 [INFO] IPUIPlugin:80 - create IPUIPlugin
2025-06-04 14:40:54,007 [INFO] PluginManager:220 - loadIPPluginJar : add tracer_emb
2025-06-04 14:40:54,010 [INFO] IPUIPlugin:80 - create IPUIPlugin
2025-06-04 14:40:54,011 [INFO] PluginManager:220 - loadIPPluginJar : add ts
2025-06-04 14:40:54,014 [INFO] IPUIPlugin:80 - create IPUIPlugin
2025-06-04 14:40:54,014 [INFO] PluginManager:220 - loadIPPluginJar : add tsc
2025-06-04 14:40:54,019 [INFO] IPUIPlugin:80 - create IPUIPlugin
2025-06-04 14:40:54,019 [INFO] PluginManager:220 - loadIPPluginJar : add ucpd
2025-06-04 14:40:54,024 [INFO] IPUIPlugin:80 - create IPUIPlugin
2025-06-04 14:40:54,024 [INFO] PluginManager:220 - loadIPPluginJar : add usart
2025-06-04 14:40:54,033 [INFO] IPUIPlugin:80 - create IPUIPlugin
2025-06-04 14:40:54,033 [INFO] PluginManager:220 - loadIPPluginJar : add usbx
2025-06-04 14:40:54,184 [FATAL] Updater:351 - Updater called before beeing initialized
2025-06-04 14:40:54,229 [INFO] RulesReader:64 - Compatibility file has been processed (302 Rules)
2025-06-04 14:40:54,240 [INFO] RulesReader:64 - Compatibility file has been processed (302 Rules)
2025-06-04 14:40:54,253 [INFO] CADModel:165 - CPN selected for project level
2025-06-04 14:40:54,253 [INFO] CADModel:114 - Register for checkConnection events
2025-06-04 14:40:54,253 [FATAL] Updater:351 - Updater called before beeing initialized
2025-06-04 14:40:54,253 [ERROR] CADModel:125 - Updater not yet initialized, retry later 
2025-06-04 14:40:54,441 [FATAL] Updater:351 - Updater called before beeing initialized
2025-06-04 14:40:54,443 [INFO] CADModel:165 - CPN selected for project level
2025-06-04 14:40:54,443 [INFO] CADModel:114 - Register for checkConnection events
2025-06-04 14:40:54,444 [FATAL] Updater:351 - Updater called before beeing initialized
2025-06-04 14:40:54,444 [ERROR] CADModel:125 - Updater not yet initialized, retry later 
2025-06-04 14:40:54,470 [FATAL] Updater:351 - Updater called before beeing initialized
2025-06-04 14:40:54,600 [FATAL] Updater:351 - Updater called before beeing initialized
2025-06-04 14:40:54,615 [INFO] DbMcusAds:53 - JSON generation date=Wed May 07 18:07:55 KST 2025 (1746608875484)
2025-06-04 14:40:54,615 [FATAL] Updater:351 - Updater called before beeing initialized
2025-06-04 14:40:54,657 [WARN] DetailPanel:346 - Failed to get advertising image, set to default
2025-06-04 14:40:54,849 [FATAL] Updater:351 - Updater called before beeing initialized
2025-06-04 14:40:54,851 [FATAL] Updater:351 - Updater called before beeing initialized
2025-06-04 14:40:54,851 [FATAL] Updater:351 - Updater called before beeing initialized
2025-06-04 14:40:54,852 [WARN] DetailPanel:346 - Failed to get advertising image, set to default
2025-06-04 14:40:54,852 [FATAL] Updater:351 - Updater called before beeing initialized
2025-06-04 14:40:54,891 [ERROR] Updater:1198 - MainUpdater not yet initialized. External WinMGr cannot be set.
2025-06-04 14:40:54,893 [INFO] Updater:1134 - Updater Version found : 6.14.1
2025-06-04 14:40:54,907 [INFO] ApplicationProperties:184 - Using Application install path: C:\ST\STM32CubeIDE_1.18.1\STM32CubeIDE\plugins\com.st.stm32cube.common.mx_6.14.1.202504091515
2025-06-04 14:40:56,279 [INFO] ThirdPartyUpdaterWithRetryManager:70 - Updater plugin not ready yet. [2/15]
2025-06-04 14:40:56,477 [ERROR] LogOutputStream:75 - [STDERR_REDIRECT] Jun 04, 2025 2:40:56 PM java.util.prefs.WindowsPreferences <init>
2025-06-04 14:40:56,478 [ERROR] LogOutputStream:75 - [STDERR_REDIRECT] WARNING: Could not open/create prefs root node Software\JavaSoft\Prefs at root 0xffffffff80000002. Windows RegCreateKeyEx(...) returned error code 5.
2025-06-04 14:40:56,478 [ERROR] LogOutputStream:75 - [STDERR_REDIRECT] 
2025-06-04 14:40:56,872 [INFO] MainUpdater:2872 - connection check result : 10
2025-06-04 14:40:56,872 [INFO] MainUpdater:3566 - Updater definition file requires update
2025-06-04 14:40:56,873 [INFO] MainUpdater:289 - Updater Check For Update Now.
2025-06-04 14:40:56,873 [INFO] MicroXplorer:498 - Change Database Version : DB.6.0.141
2025-06-04 14:40:56,882 [INFO] McuFinderGlobals:63 - Set McuFinder mode to 2 (CubeIDE integrated)
2025-06-04 14:40:56,882 [INFO] UserAuth:171 - activating auth plugin
2025-06-04 14:40:56,884 [INFO] UserAuth:484 - Internet connection configuration mode: 1
2025-06-04 14:40:56,902 [INFO] JxBrowserEngine:152 - Initiate JxBrowser Engine with user profile folder
2025-06-04 14:40:56,930 [INFO] ServerAccessManage:473 - Download File updaters.zip
2025-06-04 14:40:57,081 [INFO] FileExtend:242 - Unzip File : updaters.zip
2025-06-04 14:40:57,081 [INFO] FileExtend:257 - Standard Zip Deflate
2025-06-04 14:40:57,357 [INFO] ServerAccessManage:473 - Download File PacksControlFlags.xml
2025-06-04 14:40:57,440 [INFO] ServerAccessManage:473 - Download File cubemx.pidx
2025-06-04 14:40:57,840 [INFO] ServerAccessManage:473 - Download File STMicroelectronics.X-CUBE-AI.pdsc
2025-06-04 14:40:58,348 [INFO] WebApp:169 - Instantiating new browser for Auth
2025-06-04 14:40:58,950 [INFO] WebApp:463 - Apply proxy settings
2025-06-04 14:40:58,950 [INFO] WebApp:548 - Chromium requires no authentication
2025-06-04 14:40:58,960 [INFO] WebApp:491 - Direct internet connection detected
2025-06-04 14:40:58,982 [INFO] WebApp:894 - Register for checkConnection events
2025-06-04 14:40:58,982 [INFO] WebApp:463 - Apply proxy settings
2025-06-04 14:40:58,982 [INFO] WebApp:548 - Chromium requires no authentication
2025-06-04 14:40:58,983 [INFO] WebApp:491 - Direct internet connection detected
2025-06-04 14:40:59,124 [INFO] WebApp:225 - Starting web application
2025-06-04 14:40:59,124 [INFO] WebApp:593 - Web application path used C:\ST\STM32CubeIDE_1.18.1\STM32CubeIDE\plugins\com.st.stm32cube.common.mx_6.14.1.202504091515\db\plugins\mcufinder\reactClient1\index.html
2025-06-04 14:40:59,254 [INFO] WebApp:191 - Connection restablished
2025-06-04 14:40:59,281 [WARN] MainUpdater:1193 - Updater busy. Cannot search thirdparties
2025-06-04 14:40:59,281 [INFO] ThirdPartyUpdaterWithRetryManager:96 - Updater plugin is busy. [1/15]
2025-06-04 14:41:00,706 [WARN] PackLoader:240 - Cannot read IP mode file for STMicroelectronics.X-CUBE-AI.10.1.0
2025-06-04 14:41:00,709 [INFO] PopulateThirdPartyThread:66 - Ending populate Thread
2025-06-04 14:41:00,711 [INFO] ThirdParty:1030 - CMSIS Pack Vendor :STMicroelectronics X-CUBE-AI 10.1.0
2025-06-04 14:41:00,711 [INFO] LoadServerUpdatesThread:375 - End of LoadServerUpdate Thread
2025-06-04 14:41:00,729 [INFO] CheckServerUpdateThread:120 - End of CheckServer Thread
2025-06-04 14:41:02,458 [WARN] PackLoader:240 - Cannot read IP mode file for STMicroelectronics.FP-SNS-MOTENVWB1.1.4.0
2025-06-04 14:41:02,463 [WARN] PackLoader:240 - Cannot read IP mode file for STMicroelectronics.FP-ATR-ASTRA1.2.0.2
2025-06-04 14:41:02,471 [WARN] PackLoader:240 - Cannot read IP mode file for STMicroelectronics.X-CUBE-SMBUS.2.1.0
2025-06-04 14:41:02,475 [WARN] PackLoader:240 - Cannot read IP mode file for STMicroelectronics.X-CUBE-ST60.1.0.0
2025-06-04 14:41:02,492 [WARN] PackLoader:240 - Cannot read IP mode file for STMicroelectronics.X-CUBE-AZRTOS-F7.1.1.0
2025-06-04 14:41:02,512 [WARN] PackLoader:240 - Cannot read IP mode file for Infineon.AIROC-Wi-Fi-Bluetooth-STM32.1.7.0
2025-06-04 14:41:02,521 [WARN] PackLoader:240 - Cannot read IP mode file for STMicroelectronics.X-CUBE-DISPLAY.3.0.0
2025-06-04 14:41:02,530 [WARN] PackLoader:240 - Cannot read IP mode file for STMicroelectronics.X-CUBE-NFC10.1.0.0
2025-06-04 14:41:02,540 [WARN] PackLoader:240 - Cannot read IP mode file for STMicroelectronics.X-CUBE-BLEMGR.4.0.0
2025-06-04 14:41:02,545 [WARN] PackLoader:240 - Cannot read IP mode file for emotas.I-CUBE-CANOPEN.1.3.0
2025-06-04 14:41:02,549 [WARN] ConditionMgr:438 - getConditionDescription Invalid condition id : Cortex-A Device cause : null
2025-06-04 14:41:02,557 [WARN] ConditionMgr:1044 - genDependencies : Invalid condition id : Cortex-A Device cause : null
2025-06-04 14:41:02,557 [WARN] ConditionMgr:1044 - genDependencies : Invalid condition id : Cortex-A Device cause : null
2025-06-04 14:41:02,557 [WARN] ConditionMgr:1044 - genDependencies : Invalid condition id : Cortex-A Device cause : null
2025-06-04 14:41:02,561 [WARN] PackLoader:240 - Cannot read IP mode file for STMicroelectronics.X-CUBE-AI.10.0.0
2025-06-04 14:41:02,564 [WARN] PackLoader:240 - Cannot read IP mode file for STMicroelectronics.FP-SNS-SMARTAG2.1.2.0
2025-06-04 14:41:02,569 [WARN] PackLoader:240 - Cannot read IP mode file for STMicroelectronics.FP-SNS-FLIGHT1.5.1.0
2025-06-04 14:41:02,575 [INFO] LogOutputStream:77 - [STDOUT_REDIRECT] 1 : Invalid condition id : UX_CORESTACK_Condition cause : null
2025-06-04 14:41:02,576 [INFO] LogOutputStream:77 - [STDOUT_REDIRECT] 1 : Invalid condition id : UX_CORESTACK_Condition cause : null
2025-06-04 14:41:02,577 [INFO] LogOutputStream:77 - [STDOUT_REDIRECT] 1 : Invalid condition id : UX_CORESTACK_Condition cause : null
2025-06-04 14:41:02,578 [INFO] LogOutputStream:77 - [STDOUT_REDIRECT] 1 : Invalid condition id : UX_CORESTACK_Condition cause : null
2025-06-04 14:41:02,578 [INFO] LogOutputStream:77 - [STDOUT_REDIRECT] 1 : Invalid condition id : UX_CORESTACK_Condition cause : null
2025-06-04 14:41:02,581 [WARN] PackLoader:240 - Cannot read IP mode file for STMicroelectronics.X-CUBE-AZRTOS-WL.2.0.0
2025-06-04 14:41:02,586 [WARN] PackLoader:240 - Cannot read IP mode file for STMicroelectronics.FP-SNS-MOTENV1.5.0.0
2025-06-04 14:41:02,592 [WARN] PackLoader:240 - Cannot read IP mode file for WES.I-CUBE-Cesium.1.3.0
2025-06-04 14:41:02,596 [WARN] PackLoader:240 - Cannot read IP mode file for STMicroelectronics.X-CUBE-BLE2.3.3.0
2025-06-04 14:41:02,601 [WARN] PackLoader:240 - Cannot read IP mode file for STMicroelectronics.X-CUBE-NFC9.1.0.0
2025-06-04 14:41:02,605 [WARN] PackLoader:240 - Cannot read IP mode file for wolfSSL.I-CUBE-wolfSSL.5.8.0
2025-06-04 14:41:02,609 [WARN] PackLoader:240 - Cannot read IP mode file for STMicroelectronics.X-CUBE-BLE1.7.1.0
2025-06-04 14:41:02,614 [WARN] PackLoader:240 - Cannot read IP mode file for wolfSSL.I-CUBE-wolfMQTT.1.19.2
2025-06-04 14:41:02,616 [WARN] PackLoader:240 - Cannot read IP mode file for STMicroelectronics.X-CUBE-AI.10.1.0
2025-06-04 14:41:02,647 [WARN] PackLoader:240 - Cannot read IP mode file for STMicroelectronics.X-CUBE-MEMS1.11.2.0
2025-06-04 14:41:02,750 [WARN] PackLoader:240 - Cannot read IP mode file for STMicroelectronics.X-CUBE-AZRTOS-G0.1.1.0
2025-06-04 14:41:02,756 [WARN] PackLoader:240 - Cannot read IP mode file for STMicroelectronics.X-CUBE-SAFEA1.1.2.2
2025-06-04 14:41:02,760 [WARN] PackLoader:240 - Cannot read IP mode file for STMicroelectronics.X-CUBE-NFC4.3.0.0
2025-06-04 14:41:02,765 [WARN] PackLoader:240 - Cannot read IP mode file for EmbeddedOffice.I-CUBE-FS-RTOS.1.0.1
2025-06-04 14:41:02,770 [WARN] PackLoader:240 - Cannot read IP mode file for STMicroelectronics.X-CUBE-WB05N.2.0.0
2025-06-04 14:41:02,773 [WARN] PackLoader:240 - Cannot read IP mode file for wolfSSL.I-CUBE-wolfTPM.3.8.0
2025-06-04 14:41:02,777 [WARN] PackLoader:240 - Cannot read IP mode file for STMicroelectronics.X-CUBE-TCPP.4.2.0
2025-06-04 14:41:02,781 [WARN] PackLoader:240 - Cannot read IP mode file for RealThread.X-CUBE-RT-Thread_Nano.4.1.1
2025-06-04 14:41:02,785 [WARN] PackLoader:240 - Cannot read IP mode file for STMicroelectronics.FP-ATR-SIGFOX1.3.2.0
2025-06-04 14:41:02,789 [WARN] PackLoader:240 - Cannot read IP mode file for STMicroelectronics.X-CUBE-EEPRMA1.5.1.0
2025-06-04 14:41:02,794 [WARN] PackLoader:240 - Cannot read IP mode file for ITTIA_DB.I-CUBE-ITTIADB.8.9.0
2025-06-04 14:41:02,809 [WARN] PackLoader:240 - Cannot read IP mode file for SEGGER.I-CUBE-embOS.1.3.1
2025-06-04 14:41:02,833 [WARN] PackLoader:240 - Cannot read IP mode file for STMicroelectronics.X-CUBE-ALGOBUILD.1.4.0
2025-06-04 14:41:02,842 [WARN] PackLoader:240 - Cannot read IP mode file for STMicroelectronics.X-CUBE-AZRTOS-F4.1.1.0
2025-06-04 14:41:02,846 [WARN] PackLoader:240 - Cannot read IP mode file for Avnet-IotConnect.X-CUBE-IoTC-DA16k-PMOD.1.0.0
2025-06-04 14:41:02,849 [WARN] PackLoader:240 - Cannot read IP mode file for STMicroelectronics.X-CUBE-ISPU.2.1.0
2025-06-04 14:41:02,860 [WARN] PackLoader:240 - Cannot read IP mode file for STMicroelectronics.X-CUBE-AZRTOS-L5.2.0.0
2025-06-04 14:41:02,867 [WARN] PackLoader:240 - Cannot read IP mode file for STMicroelectronics.X-CUBE-NFC6.3.1.0
2025-06-04 14:41:02,871 [WARN] PackLoader:240 - Cannot read IP mode file for STMicroelectronics.X-CUBE-FREERTOS.1.3.1
2025-06-04 14:41:02,877 [WARN] PackLoader:240 - Cannot read IP mode file for STMicroelectronics.X-CUBE-DPower.1.3.0
2025-06-04 14:41:02,888 [WARN] ConditionMgr:438 - getConditionDescription Invalid condition id : LAN8742 Phy interface Condition cause : null
2025-06-04 14:41:02,888 [WARN] PackLoader:240 - Cannot read IP mode file for STMicroelectronics.X-CUBE-AZRTOS-L4.2.0.0
2025-06-04 14:41:02,889 [WARN] ConditionMgr:1044 - genDependencies : Invalid condition id : LAN8742 Phy interface Condition cause : null
2025-06-04 14:41:02,889 [WARN] ConditionMgr:1044 - genDependencies : Invalid condition id : LAN8742 Phy interface Condition cause : null
2025-06-04 14:41:02,890 [WARN] ConditionMgr:1044 - genDependencies : Invalid condition id : LAN8742 Phy interface Condition cause : null
2025-06-04 14:41:02,895 [WARN] PackLoader:240 - Cannot read IP mode file for STMicroelectronics.X-CUBE-SFXS2LP1.4.0.0
2025-06-04 14:41:02,909 [WARN] PackLoader:240 - Cannot read IP mode file for STMicroelectronics.X-CUBE-AZRTOS-H7.3.3.0
2025-06-04 14:41:02,918 [WARN] ConditionMgr:438 - getConditionDescription Invalid condition id : UX DEVICE CLASS RTOS Condition cause : null
2025-06-04 14:41:02,918 [WARN] ConditionMgr:438 - getConditionDescription Invalid condition id : UX DEVICE CLASS RTOS Condition cause : null
2025-06-04 14:41:02,920 [WARN] PackLoader:240 - Cannot read IP mode file for STMicroelectronics.X-CUBE-AZRTOS-WB.2.0.0
2025-06-04 14:41:02,921 [WARN] ConditionMgr:1044 - genDependencies : Invalid condition id : UX DEVICE CLASS RTOS Condition cause : null
2025-06-04 14:41:02,921 [WARN] ConditionMgr:1044 - genDependencies : Invalid condition id : UX DEVICE CLASS RTOS Condition cause : null
2025-06-04 14:41:02,922 [WARN] ConditionMgr:1044 - genDependencies : Invalid condition id : UX DEVICE CLASS RTOS Condition cause : null
2025-06-04 14:41:02,922 [WARN] ConditionMgr:1044 - genDependencies : Invalid condition id : UX DEVICE CLASS RTOS Condition cause : null
2025-06-04 14:41:02,922 [WARN] ConditionMgr:1044 - genDependencies : Invalid condition id : UX DEVICE CLASS RTOS Condition cause : null
2025-06-04 14:41:02,928 [WARN] PackLoader:240 - Cannot read IP mode file for STMicroelectronics.X-CUBE-GNSS1.7.0.1
2025-06-04 14:41:02,933 [WARN] PackLoader:240 - Cannot read IP mode file for STMicroelectronics.X-CUBE-TOUCHGFX.4.25.0
2025-06-04 14:41:02,937 [WARN] PackLoader:240 - Cannot read IP mode file for STMicroelectronics.FP-SNS-STBOX1.2.0.0
2025-06-04 14:41:02,946 [WARN] PackLoader:240 - Cannot read IP mode file for STMicroelectronics.X-CUBE-SUBG2.5.0.0
2025-06-04 14:41:02,969 [WARN] PackLoader:240 - Cannot read IP mode file for STMicroelectronics.X-CUBE-AZRTOS-H7RS.1.1.0
2025-06-04 14:41:02,975 [WARN] PackLoader:240 - Cannot read IP mode file for Cesanta.I-CUBE-Mongoose.7.13.0
2025-06-04 14:41:02,986 [WARN] PackLoader:240 - Cannot read IP mode file for STMicroelectronics.X-CUBE-AZRTOS-G4.2.0.0
2025-06-04 14:41:02,989 [WARN] PackLoader:240 - Cannot read IP mode file for wolfSSL.I-CUBE-wolfSSH.1.4.20
2025-06-04 14:41:02,993 [WARN] PackLoader:240 - Cannot read IP mode file for STMicroelectronics.X-CUBE-NFC7.2.0.0
2025-06-04 14:41:03,002 [WARN] PackLoader:240 - Cannot read IP mode file for STMicroelectronics.X-CUBE-IPS.3.1.0
2025-06-04 14:41:03,009 [WARN] PackLoader:240 - Cannot read IP mode file for STMicroelectronics.X-CUBE-ALS.1.0.2
2025-06-04 14:41:03,014 [WARN] PackLoader:240 - Cannot read IP mode file for portGmbH.I-Cube-SoM-uGOAL.1.1.0
2025-06-04 14:41:03,024 [WARN] PackLoader:240 - Cannot read IP mode file for STMicroelectronics.X-CUBE-TOF1.3.4.3
2025-06-04 14:41:03,030 [INFO] ThirdParty:978 - Integrity check success = true
2025-06-04 14:41:03,030 [INFO] IntegrityCheckThread:100 - exiting critical section [integrity check]
2025-06-04 14:41:03,030 [INFO] IntegrityCheckThread:103 - End integrity checks thread
2025-06-04 19:38:42,178 [ERROR] LogOutputStream:75 - [STDERR_REDIRECT] 
2025-06-04 19:38:42,178 [ERROR] LogOutputStream:75 - [STDERR_REDIRECT] 
