2025-06-30 09:24:09,363 [INFO] Activator:176 - 


2025-06-30 09:24:09,368 [INFO] Activator:177 - !SESSION log4j initialized
2025-06-30 09:24:15,518 [INFO] LogOutputStream:77 - [STDOUT_REDIRECT] 
2025-06-30 09:24:18,288 [INFO] ApplicationProperties:184 - Using Application install path: C:\ST\STM32CubeIDE_1.18.1\STM32CubeIDE\plugins\com.st.stm32cube.common.mx_6.14.1.202504091515
2025-06-30 09:24:18,308 [INFO] DbMcusXml:78 - Set database path to: C:\ST\STM32CubeIDE_1.18.1\STM32CubeIDE\plugins\com.st.stm32cube.common.mx_6.14.1.202504091515\\db\/mcu/
2025-06-30 09:24:18,308 [INFO] ApiDb:274 - Set plugin database path to: C:\ST\STM32CubeIDE_1.18.1\STM32CubeIDE\plugins\com.st.stm32cube.common.mx_6.14.1.202504091515\\db\/plugins/boardmanager/
2025-06-30 09:24:18,308 [WARN] ApiDb:259 - Overriding images path with different value:  => C:\ST\STM32CubeIDE_1.18.1\STM32CubeIDE\plugins\com.st.stm32cube.common.mx_6.14.1.202504091515\\db\/plugins/mcufinder/images/
2025-06-30 09:24:18,316 [INFO] ApiDb:250 - Set database path to: C:\Users\kccistc\.stmcufinder\plugins\mcufinder//mcu/
2025-06-30 09:24:18,317 [INFO] DbMcusAds:125 - Set database path to: C:\Users\kccistc\.stmcufinder\plugins\mcufinder//mcu/
2025-06-30 09:24:18,318 [INFO] CrossReferenceDbSqlite:203 - Set database path to: C:\Users\kccistc\.stmcufinder\plugins\mcufinder//mcu/cs/
2025-06-30 09:24:18,431 [INFO] RulesReader:64 - Compatibility file has been processed (302 Rules)
2025-06-30 09:24:18,523 [INFO] DbMcusXml:78 - Set database path to: C:\ST\STM32CubeIDE_1.18.1\STM32CubeIDE\plugins\com.st.stm32cube.common.mx_6.14.1.202504091515\\db\/mcu/
2025-06-30 09:24:18,523 [INFO] ApiDb:274 - Set plugin database path to: C:\ST\STM32CubeIDE_1.18.1\STM32CubeIDE\plugins\com.st.stm32cube.common.mx_6.14.1.202504091515\\db\/plugins/boardmanager/
2025-06-30 09:24:18,524 [INFO] ApiDb:261 - Set plugin images path to: C:\ST\STM32CubeIDE_1.18.1\STM32CubeIDE\plugins\com.st.stm32cube.common.mx_6.14.1.202504091515\\db\/plugins/mcufinder/images/
2025-06-30 09:24:18,524 [WARN] DbFile:41 - Overriding database path with different value: C:\Users\kccistc\.stmcufinder\plugins\mcufinder/ => C:\Users\kccistc\.stmcufinder\plugins\mcufinder
2025-06-30 09:24:18,524 [INFO] ApiDb:250 - Set database path to: C:\Users\kccistc\.stmcufinder\plugins\mcufinder//mcu/
2025-06-30 09:24:18,524 [WARN] DbFile:41 - Overriding database path with different value: C:\Users\kccistc\.stmcufinder\plugins\mcufinder/ => C:\Users\kccistc\.stmcufinder\plugins\mcufinder
2025-06-30 09:24:18,524 [INFO] DbMcusAds:125 - Set database path to: C:\Users\kccistc\.stmcufinder\plugins\mcufinder//mcu/
2025-06-30 09:24:18,524 [WARN] DbFile:41 - Overriding database path with different value: C:\Users\kccistc\.stmcufinder\plugins\mcufinder/ => C:\Users\kccistc\.stmcufinder\plugins\mcufinder
2025-06-30 09:24:18,524 [WARN] DbFile:41 - Overriding database path with different value: C:\Users\kccistc\.stmcufinder\plugins\mcufinder/ => C:\Users\kccistc\.stmcufinder\plugins\mcufinder
2025-06-30 09:24:18,524 [INFO] CrossReferenceDbSqlite:203 - Set database path to: C:\Users\kccistc\.stmcufinder\plugins\mcufinder//mcu/cs/
2025-06-30 09:24:18,597 [INFO] MainPanel:272 - HeapMemory: 268435456
2025-06-30 09:24:18,705 [INFO] DbMcusXml:78 - Set database path to: C:\ST\STM32CubeIDE_1.18.1\STM32CubeIDE\plugins\com.st.stm32cube.common.mx_6.14.1.202504091515\\db\/mcu/
2025-06-30 09:24:18,705 [INFO] ApiDb:274 - Set plugin database path to: C:\ST\STM32CubeIDE_1.18.1\STM32CubeIDE\plugins\com.st.stm32cube.common.mx_6.14.1.202504091515\\db\/plugins/boardmanager/
2025-06-30 09:24:18,705 [INFO] ApiDb:261 - Set plugin images path to: C:\ST\STM32CubeIDE_1.18.1\STM32CubeIDE\plugins\com.st.stm32cube.common.mx_6.14.1.202504091515\\db\/plugins/mcufinder/images/
2025-06-30 09:24:18,705 [WARN] DbFile:41 - Overriding database path with different value: C:\Users\kccistc\.stmcufinder\plugins\mcufinder/ => C:\Users\kccistc\.stmcufinder\plugins\mcufinder
2025-06-30 09:24:18,705 [INFO] ApiDb:250 - Set database path to: C:\Users\kccistc\.stmcufinder\plugins\mcufinder//mcu/
2025-06-30 09:24:18,705 [WARN] DbFile:41 - Overriding database path with different value: C:\Users\kccistc\.stmcufinder\plugins\mcufinder/ => C:\Users\kccistc\.stmcufinder\plugins\mcufinder
2025-06-30 09:24:18,705 [INFO] DbMcusAds:125 - Set database path to: C:\Users\kccistc\.stmcufinder\plugins\mcufinder//mcu/
2025-06-30 09:24:18,705 [WARN] DbFile:41 - Overriding database path with different value: C:\Users\kccistc\.stmcufinder\plugins\mcufinder/ => C:\Users\kccistc\.stmcufinder\plugins\mcufinder
2025-06-30 09:24:18,705 [WARN] DbFile:41 - Overriding database path with different value: C:\Users\kccistc\.stmcufinder\plugins\mcufinder/ => C:\Users\kccistc\.stmcufinder\plugins\mcufinder
2025-06-30 09:24:18,705 [INFO] CrossReferenceDbSqlite:203 - Set database path to: C:\Users\kccistc\.stmcufinder\plugins\mcufinder//mcu/cs/
2025-06-30 09:24:18,722 [INFO] ApplicationProperties:184 - Using Application install path: C:\ST\STM32CubeIDE_1.18.1\STM32CubeIDE\plugins\com.st.stm32cube.common.mx_6.14.1.202504091515
2025-06-30 09:24:18,723 [INFO] PluginManage:196 - Search for loadable plugins [exclusion list=, ]
2025-06-30 09:24:18,724 [INFO] PluginManage:310 - Check plugin analytics
2025-06-30 09:24:18,923 [INFO] AnalyticsPlugin:253 - Accepted Software Licenses: 
2025-06-30 09:24:18,923 [INFO] AnalyticsPlugin:255 - Accepted CMSIS Pack Licenses: 
2025-06-30 09:24:18,923 [INFO] AnalyticsPlugin:257 - Accepted Firmware Licenses: FW.F4.1.28.0
2025-06-30 09:24:18,929 [INFO] PluginManage:359 - Loaded plugin analytics (category:tool,tabindex:-1)
2025-06-30 09:24:18,930 [INFO] PluginManage:310 - Check plugin cadmodel
2025-06-30 09:24:18,937 [INFO] CADModel:105 - Init CAD model plugin
2025-06-30 09:24:18,938 [INFO] PluginManage:359 - Loaded plugin cadmodel (category:power,tabindex:5)
2025-06-30 09:24:18,938 [INFO] PluginManage:310 - Check plugin clock
2025-06-30 09:24:18,951 [INFO] PluginManage:359 - Loaded plugin clock (category:base,tabindex:2)
2025-06-30 09:24:18,951 [INFO] PluginManage:310 - Check plugin ddr
2025-06-30 09:24:18,954 [INFO] PluginManage:359 - Loaded plugin ddr (category:tool,tabindex:6)
2025-06-30 09:24:18,954 [INFO] PluginManage:310 - Check plugin filemanager
2025-06-30 09:24:19,093 [INFO] PluginManage:359 - Loaded plugin filemanager (category:base,tabindex:10)
2025-06-30 09:24:19,093 [INFO] PluginManage:310 - Check plugin ipmanager
2025-06-30 09:24:19,100 [INFO] PluginManage:359 - Loaded plugin ipmanager (category:base,tabindex:5)
2025-06-30 09:24:19,100 [INFO] PluginManage:310 - Check plugin lpbam
2025-06-30 09:24:19,109 [INFO] PluginManage:359 - Loaded plugin lpbam (category:base,tabindex:0)
2025-06-30 09:24:19,109 [INFO] PluginManage:310 - Check plugin memorymap
2025-06-30 09:24:19,122 [INFO] PluginManage:359 - Loaded plugin memorymap (category:base,tabindex:4)
2025-06-30 09:24:19,123 [INFO] PluginManage:310 - Check plugin pinoutandconfiguration
2025-06-30 09:24:19,130 [INFO] PluginManage:359 - Loaded plugin pinoutandconfiguration (category:base,tabindex:1)
2025-06-30 09:24:19,130 [INFO] PluginManage:310 - Check plugin pinoutconfig
2025-06-30 09:24:19,210 [WARN] SupportedApi:132 - Cannot load RTOS API schema: s4s-elt-must-match.1: The content of 'definitions' must match (annotation?, (simpleType | complexType)?, (unique | key | keyref)*)). A problem was found starting at: attribute.
2025-06-30 09:24:19,343 [INFO] PluginManage:359 - Loaded plugin pinoutconfig (category:base,tabindex:0)
2025-06-30 09:24:19,343 [INFO] PluginManage:310 - Check plugin power
2025-06-30 09:24:19,354 [INFO] PluginManage:359 - Loaded plugin power (category:power,tabindex:4)
2025-06-30 09:24:19,354 [INFO] PluginManage:310 - Check plugin projectmanager
2025-06-30 09:24:19,366 [INFO] PluginManage:359 - Loaded plugin projectmanager (category:projectmanager,tabindex:4)
2025-06-30 09:24:19,366 [INFO] PluginManage:310 - Check plugin rif
2025-06-30 09:24:19,374 [INFO] PluginManage:359 - Loaded plugin rif (category:base,tabindex:3)
2025-06-30 09:24:19,374 [INFO] PluginManage:310 - Check plugin thirdparty
2025-06-30 09:24:19,507 [INFO] PluginManage:359 - Loaded plugin thirdparty (category:base,tabindex:-1)
2025-06-30 09:24:19,507 [WARN] IntegrityCheckThread:84 - waiting for thirdparty lock release [integrity check]
2025-06-30 09:24:19,507 [INFO] PluginManage:310 - Check plugin tools
2025-06-30 09:24:19,507 [INFO] IntegrityCheckThread:86 - entering critical section [integrity check]
2025-06-30 09:24:19,508 [INFO] ThirdPartyUpdaterWithRetryManager:70 - Updater plugin not ready yet. [1/15]
2025-06-30 09:24:19,509 [INFO] PluginManage:359 - Loaded plugin tools (category:base,tabindex:7)
2025-06-30 09:24:19,510 [INFO] PluginManage:310 - Check plugin tutovideos
2025-06-30 09:24:19,676 [INFO] PluginManage:359 - Loaded plugin tutovideos (category:base,tabindex:-1)
2025-06-30 09:24:19,676 [INFO] PluginManage:310 - Check plugin updater
2025-06-30 09:24:19,700 [INFO] PluginManage:359 - Loaded plugin updater (category:base,tabindex:12)
2025-06-30 09:24:19,700 [INFO] PluginManage:310 - Check plugin userauth
2025-06-30 09:24:19,705 [INFO] UserAuth:118 - Init User Auth plugin
2025-06-30 09:24:19,706 [INFO] PluginManage:359 - Loaded plugin userauth (category:base,tabindex:14)
2025-06-30 09:24:19,706 [INFO] PluginManage:283 - PluginManage : Loaded plugins [18]
2025-06-30 09:24:19,923 [INFO] PinOutPanel:1589 - setPackage(No Configuration,No Configuration)
2025-06-30 09:24:20,033 [INFO] CADModel:165 - CPN selected for project level
2025-06-30 09:24:20,033 [INFO] CADModel:114 - Register for checkConnection events
2025-06-30 09:24:20,055 [INFO] IPUIPlugin:80 - create IPUIPlugin
2025-06-30 09:24:20,055 [INFO] PluginManager:220 - loadIPPluginJar : add adc
2025-06-30 09:24:20,062 [INFO] IPUIPlugin:80 - create IPUIPlugin
2025-06-30 09:24:20,062 [INFO] PluginManager:220 - loadIPPluginJar : add aes
2025-06-30 09:24:20,066 [INFO] IPUIPlugin:80 - create IPUIPlugin
2025-06-30 09:24:20,066 [INFO] PluginManager:220 - loadIPPluginJar : add can
2025-06-30 09:24:20,069 [INFO] IPUIPlugin:80 - create IPUIPlugin
2025-06-30 09:24:20,069 [INFO] PluginManager:220 - loadIPPluginJar : add comp
2025-06-30 09:24:20,072 [INFO] IPUIPlugin:80 - create IPUIPlugin
2025-06-30 09:24:20,073 [INFO] PluginManager:220 - loadIPPluginJar : add cryp
2025-06-30 09:24:20,077 [INFO] IPUIPlugin:80 - create IPUIPlugin
2025-06-30 09:24:20,077 [INFO] PluginManager:220 - loadIPPluginJar : add ddr_ctrl_phy
2025-06-30 09:24:20,080 [INFO] IPUIPlugin:80 - create IPUIPlugin
2025-06-30 09:24:20,080 [INFO] PluginManager:220 - loadIPPluginJar : add dfsdm
2025-06-30 09:24:20,088 [INFO] IPUIPlugin:80 - create IPUIPlugin
2025-06-30 09:24:20,089 [INFO] PluginManager:220 - loadIPPluginJar : add dma
2025-06-30 09:24:20,092 [INFO] IPUIPlugin:80 - create IPUIPlugin
2025-06-30 09:24:20,092 [INFO] PluginManager:220 - loadIPPluginJar : add dma3
2025-06-30 09:24:20,096 [INFO] IPUIPlugin:80 - create IPUIPlugin
2025-06-30 09:24:20,096 [INFO] PluginManager:220 - loadIPPluginJar : add extmemmanager
2025-06-30 09:24:20,099 [INFO] IPUIPlugin:80 - create IPUIPlugin
2025-06-30 09:24:20,099 [INFO] PluginManager:220 - loadIPPluginJar : add fatfs
2025-06-30 09:24:20,105 [INFO] IPUIPlugin:80 - create IPUIPlugin
2025-06-30 09:24:20,106 [INFO] PluginManager:220 - loadIPPluginJar : add fmc
2025-06-30 09:24:20,113 [INFO] IPUIPlugin:80 - create IPUIPlugin
2025-06-30 09:24:20,113 [INFO] PluginManager:220 - loadIPPluginJar : add freertos
2025-06-30 09:24:20,115 [INFO] IPUIPlugin:80 - create IPUIPlugin
2025-06-30 09:24:20,115 [INFO] PluginManager:220 - loadIPPluginJar : add genericplugin
2025-06-30 09:24:20,118 [INFO] IPUIPlugin:80 - create IPUIPlugin
2025-06-30 09:24:20,118 [INFO] PluginManager:220 - loadIPPluginJar : add gfxmmu
2025-06-30 09:24:20,124 [INFO] IPUIPlugin:80 - create IPUIPlugin
2025-06-30 09:24:20,124 [INFO] PluginManager:220 - loadIPPluginJar : add gic
2025-06-30 09:24:20,129 [INFO] IPUIPlugin:80 - create IPUIPlugin
2025-06-30 09:24:20,129 [INFO] PluginManager:220 - loadIPPluginJar : add gpio
2025-06-30 09:24:20,133 [INFO] IPUIPlugin:80 - create IPUIPlugin
2025-06-30 09:24:20,133 [INFO] PluginManager:220 - loadIPPluginJar : add gtzc
2025-06-30 09:24:20,136 [INFO] IPUIPlugin:80 - create IPUIPlugin
2025-06-30 09:24:20,136 [INFO] PluginManager:220 - loadIPPluginJar : add hash
2025-06-30 09:24:20,140 [INFO] IPUIPlugin:80 - create IPUIPlugin
2025-06-30 09:24:20,140 [INFO] PluginManager:220 - loadIPPluginJar : add i2c
2025-06-30 09:24:20,143 [INFO] IPUIPlugin:80 - create IPUIPlugin
2025-06-30 09:24:20,143 [INFO] PluginManager:220 - loadIPPluginJar : add i2s
2025-06-30 09:24:20,146 [INFO] IPUIPlugin:80 - create IPUIPlugin
2025-06-30 09:24:20,146 [INFO] PluginManager:220 - loadIPPluginJar : add i3c
2025-06-30 09:24:20,150 [INFO] IPUIPlugin:80 - create IPUIPlugin
2025-06-30 09:24:20,150 [INFO] PluginManager:220 - loadIPPluginJar : add ipddr
2025-06-30 09:24:20,157 [INFO] IPUIPlugin:80 - create IPUIPlugin
2025-06-30 09:24:20,158 [INFO] PluginManager:220 - loadIPPluginJar : add linkedlist
2025-06-30 09:24:20,163 [INFO] IPUIPlugin:80 - create IPUIPlugin
2025-06-30 09:24:20,163 [INFO] PluginManager:220 - loadIPPluginJar : add lorawan
2025-06-30 09:24:20,165 [INFO] IPUIPlugin:80 - create IPUIPlugin
2025-06-30 09:24:20,165 [INFO] PluginManager:220 - loadIPPluginJar : add ltdc
2025-06-30 09:24:20,172 [INFO] IPUIPlugin:80 - create IPUIPlugin
2025-06-30 09:24:20,172 [INFO] PluginManager:220 - loadIPPluginJar : add mdma
2025-06-30 09:24:20,176 [INFO] IPUIPlugin:80 - create IPUIPlugin
2025-06-30 09:24:20,176 [INFO] PluginManager:220 - loadIPPluginJar : add nvic
2025-06-30 09:24:20,181 [INFO] IPUIPlugin:80 - create IPUIPlugin
2025-06-30 09:24:20,181 [INFO] PluginManager:220 - loadIPPluginJar : add opamp
2025-06-30 09:24:20,185 [INFO] IPUIPlugin:80 - create IPUIPlugin
2025-06-30 09:24:20,186 [INFO] PluginManager:220 - loadIPPluginJar : add openamp
2025-06-30 09:24:20,189 [INFO] IPUIPlugin:80 - create IPUIPlugin
2025-06-30 09:24:20,189 [INFO] PluginManager:220 - loadIPPluginJar : add pdm2pcm
2025-06-30 09:24:20,196 [INFO] IPUIPlugin:80 - create IPUIPlugin
2025-06-30 09:24:20,198 [INFO] PluginManager:220 - loadIPPluginJar : add plateformsettings
2025-06-30 09:24:20,200 [INFO] IPUIPlugin:80 - create IPUIPlugin
2025-06-30 09:24:20,200 [INFO] PluginManager:220 - loadIPPluginJar : add quadspi
2025-06-30 09:24:20,203 [INFO] IPUIPlugin:80 - create IPUIPlugin
2025-06-30 09:24:20,204 [INFO] PluginManager:220 - loadIPPluginJar : add radio
2025-06-30 09:24:20,209 [INFO] IPUIPlugin:80 - create IPUIPlugin
2025-06-30 09:24:20,209 [INFO] PluginManager:220 - loadIPPluginJar : add resmgrutility
2025-06-30 09:24:20,213 [INFO] IPUIPlugin:80 - create IPUIPlugin
2025-06-30 09:24:20,213 [INFO] PluginManager:220 - loadIPPluginJar : add sai
2025-06-30 09:24:20,216 [INFO] IPUIPlugin:80 - create IPUIPlugin
2025-06-30 09:24:20,216 [INFO] PluginManager:220 - loadIPPluginJar : add spi
2025-06-30 09:24:20,221 [INFO] IPUIPlugin:80 - create IPUIPlugin
2025-06-30 09:24:20,221 [INFO] PluginManager:220 - loadIPPluginJar : add stm32_wpan
2025-06-30 09:24:20,224 [INFO] IPUIPlugin:80 - create IPUIPlugin
2025-06-30 09:24:20,224 [INFO] PluginManager:220 - loadIPPluginJar : add tim
2025-06-30 09:24:20,227 [INFO] IPUIPlugin:80 - create IPUIPlugin
2025-06-30 09:24:20,227 [INFO] PluginManager:220 - loadIPPluginJar : add touchsensing
2025-06-30 09:24:20,229 [INFO] IPUIPlugin:80 - create IPUIPlugin
2025-06-30 09:24:20,229 [INFO] PluginManager:220 - loadIPPluginJar : add tracer_emb
2025-06-30 09:24:20,231 [INFO] IPUIPlugin:80 - create IPUIPlugin
2025-06-30 09:24:20,231 [INFO] PluginManager:220 - loadIPPluginJar : add ts
2025-06-30 09:24:20,232 [INFO] IPUIPlugin:80 - create IPUIPlugin
2025-06-30 09:24:20,232 [INFO] PluginManager:220 - loadIPPluginJar : add tsc
2025-06-30 09:24:20,234 [INFO] IPUIPlugin:80 - create IPUIPlugin
2025-06-30 09:24:20,234 [INFO] PluginManager:220 - loadIPPluginJar : add ucpd
2025-06-30 09:24:20,236 [INFO] IPUIPlugin:80 - create IPUIPlugin
2025-06-30 09:24:20,236 [INFO] PluginManager:220 - loadIPPluginJar : add usart
2025-06-30 09:24:20,239 [INFO] IPUIPlugin:80 - create IPUIPlugin
2025-06-30 09:24:20,239 [INFO] PluginManager:220 - loadIPPluginJar : add usbx
2025-06-30 09:24:20,354 [FATAL] Updater:351 - Updater called before beeing initialized
2025-06-30 09:24:20,381 [INFO] RulesReader:64 - Compatibility file has been processed (302 Rules)
2025-06-30 09:24:20,390 [INFO] RulesReader:64 - Compatibility file has been processed (302 Rules)
2025-06-30 09:24:20,403 [INFO] CADModel:165 - CPN selected for project level
2025-06-30 09:24:20,403 [INFO] CADModel:114 - Register for checkConnection events
2025-06-30 09:24:20,403 [FATAL] Updater:351 - Updater called before beeing initialized
2025-06-30 09:24:20,403 [ERROR] CADModel:125 - Updater not yet initialized, retry later 
2025-06-30 09:24:20,555 [FATAL] Updater:351 - Updater called before beeing initialized
2025-06-30 09:24:20,558 [INFO] CADModel:165 - CPN selected for project level
2025-06-30 09:24:20,558 [INFO] CADModel:114 - Register for checkConnection events
2025-06-30 09:24:20,558 [FATAL] Updater:351 - Updater called before beeing initialized
2025-06-30 09:24:20,558 [ERROR] CADModel:125 - Updater not yet initialized, retry later 
2025-06-30 09:24:20,562 [FATAL] Updater:351 - Updater called before beeing initialized
2025-06-30 09:24:20,695 [FATAL] Updater:351 - Updater called before beeing initialized
2025-06-30 09:24:20,698 [INFO] DbMcusAds:53 - JSON generation date=Thu Jun 19 17:32:34 KST 2025 (1750321954415)
2025-06-30 09:24:20,698 [FATAL] Updater:351 - Updater called before beeing initialized
2025-06-30 09:24:20,731 [WARN] DetailPanel:346 - Failed to get advertising image, set to default
2025-06-30 09:24:20,910 [FATAL] Updater:351 - Updater called before beeing initialized
2025-06-30 09:24:20,911 [FATAL] Updater:351 - Updater called before beeing initialized
2025-06-30 09:24:20,911 [FATAL] Updater:351 - Updater called before beeing initialized
2025-06-30 09:24:20,912 [WARN] DetailPanel:346 - Failed to get advertising image, set to default
2025-06-30 09:24:20,914 [FATAL] Updater:351 - Updater called before beeing initialized
2025-06-30 09:24:20,970 [ERROR] Updater:1198 - MainUpdater not yet initialized. External WinMGr cannot be set.
2025-06-30 09:24:20,972 [INFO] Updater:1134 - Updater Version found : 6.14.1
2025-06-30 09:24:20,987 [INFO] ApplicationProperties:184 - Using Application install path: C:\ST\STM32CubeIDE_1.18.1\STM32CubeIDE\plugins\com.st.stm32cube.common.mx_6.14.1.202504091515
2025-06-30 09:24:22,508 [INFO] ThirdPartyUpdaterWithRetryManager:70 - Updater plugin not ready yet. [2/15]
2025-06-30 09:24:22,562 [ERROR] LogOutputStream:75 - [STDERR_REDIRECT] Jun 30, 2025 9:24:22 AM java.util.prefs.WindowsPreferences <init>
2025-06-30 09:24:22,563 [ERROR] LogOutputStream:75 - [STDERR_REDIRECT] WARNING: Could not open/create prefs root node Software\JavaSoft\Prefs at root 0xffffffff80000002. Windows RegCreateKeyEx(...) returned error code 5.
2025-06-30 09:24:22,563 [ERROR] LogOutputStream:75 - [STDERR_REDIRECT] 
2025-06-30 09:24:22,933 [INFO] MainUpdater:2872 - connection check result : 10
2025-06-30 09:24:22,933 [INFO] MainUpdater:3566 - Updater definition file requires update
2025-06-30 09:24:22,934 [INFO] MainUpdater:289 - Updater Check For Update Now.
2025-06-30 09:24:22,934 [INFO] MicroXplorer:498 - Change Database Version : DB.6.0.141
2025-06-30 09:24:22,938 [INFO] McuFinderGlobals:63 - Set McuFinder mode to 2 (CubeIDE integrated)
2025-06-30 09:24:22,938 [INFO] UserAuth:171 - activating auth plugin
2025-06-30 09:24:22,942 [INFO] UserAuth:484 - Internet connection configuration mode: 1
2025-06-30 09:24:22,960 [INFO] JxBrowserEngine:152 - Initiate JxBrowser Engine with user profile folder
2025-06-30 09:24:22,987 [INFO] ServerAccessManage:473 - Download File updaters.zip
2025-06-30 09:24:23,183 [INFO] FileExtend:242 - Unzip File : updaters.zip
2025-06-30 09:24:23,184 [INFO] FileExtend:257 - Standard Zip Deflate
2025-06-30 09:24:23,519 [INFO] ServerAccessManage:473 - Download File PacksControlFlags.xml
2025-06-30 09:24:23,646 [INFO] ServerAccessManage:473 - Download File cubemx.pidx
2025-06-30 09:24:23,730 [INFO] LoadServerUpdatesThread:375 - End of LoadServerUpdate Thread
2025-06-30 09:24:23,878 [INFO] CheckServerUpdateThread:120 - End of CheckServer Thread
2025-06-30 09:24:24,514 [INFO] WebApp:169 - Instantiating new browser for Auth
2025-06-30 09:24:25,180 [INFO] WebApp:463 - Apply proxy settings
2025-06-30 09:24:25,180 [INFO] WebApp:548 - Chromium requires no authentication
2025-06-30 09:24:25,190 [INFO] WebApp:491 - Direct internet connection detected
2025-06-30 09:24:25,215 [INFO] WebApp:894 - Register for checkConnection events
2025-06-30 09:24:25,215 [INFO] WebApp:463 - Apply proxy settings
2025-06-30 09:24:25,215 [INFO] WebApp:548 - Chromium requires no authentication
2025-06-30 09:24:25,216 [INFO] WebApp:491 - Direct internet connection detected
2025-06-30 09:24:25,388 [INFO] WebApp:225 - Starting web application
2025-06-30 09:24:25,389 [INFO] WebApp:593 - Web application path used C:\ST\STM32CubeIDE_1.18.1\STM32CubeIDE\plugins\com.st.stm32cube.common.mx_6.14.1.202504091515\db\plugins\mcufinder\reactClient1\index.html
2025-06-30 09:24:25,510 [INFO] WebApp:191 - Connection restablished
2025-06-30 09:24:25,912 [WARN] PackLoader:240 - Cannot read IP mode file for STMicroelectronics.FP-SNS-MOTENVWB1.1.4.0
2025-06-30 09:24:25,927 [WARN] PackLoader:240 - Cannot read IP mode file for STMicroelectronics.FP-ATR-ASTRA1.2.0.2
2025-06-30 09:24:25,948 [WARN] PackLoader:240 - Cannot read IP mode file for STMicroelectronics.X-CUBE-SMBUS.2.1.0
2025-06-30 09:24:25,954 [WARN] PackLoader:240 - Cannot read IP mode file for STMicroelectronics.X-CUBE-ST60.1.0.0
2025-06-30 09:24:25,997 [WARN] PackLoader:240 - Cannot read IP mode file for STMicroelectronics.X-CUBE-AZRTOS-F7.1.1.0
2025-06-30 09:24:26,029 [WARN] PackLoader:240 - Cannot read IP mode file for Infineon.AIROC-Wi-Fi-Bluetooth-STM32.1.7.0
2025-06-30 09:24:26,042 [WARN] PackLoader:240 - Cannot read IP mode file for STMicroelectronics.X-CUBE-DISPLAY.3.0.0
2025-06-30 09:24:26,057 [WARN] PackLoader:240 - Cannot read IP mode file for STMicroelectronics.X-CUBE-NFC10.1.0.0
2025-06-30 09:24:26,070 [WARN] PackLoader:240 - Cannot read IP mode file for STMicroelectronics.X-CUBE-BLEMGR.4.0.0
2025-06-30 09:24:26,079 [WARN] PackLoader:240 - Cannot read IP mode file for emotas.I-CUBE-CANOPEN.1.3.0
2025-06-30 09:24:26,084 [WARN] ConditionMgr:438 - getConditionDescription Invalid condition id : Cortex-A Device cause : null
2025-06-30 09:24:26,104 [WARN] ConditionMgr:1044 - genDependencies : Invalid condition id : Cortex-A Device cause : null
2025-06-30 09:24:26,104 [WARN] ConditionMgr:1044 - genDependencies : Invalid condition id : Cortex-A Device cause : null
2025-06-30 09:24:26,104 [WARN] ConditionMgr:1044 - genDependencies : Invalid condition id : Cortex-A Device cause : null
2025-06-30 09:24:26,110 [WARN] PackLoader:240 - Cannot read IP mode file for STMicroelectronics.X-CUBE-AI.10.0.0
2025-06-30 09:24:26,117 [WARN] PackLoader:240 - Cannot read IP mode file for STMicroelectronics.FP-SNS-SMARTAG2.1.2.0
2025-06-30 09:24:26,123 [WARN] PackLoader:240 - Cannot read IP mode file for STMicroelectronics.FP-SNS-FLIGHT1.5.1.0
2025-06-30 09:24:26,132 [INFO] LogOutputStream:77 - [STDOUT_REDIRECT] 1 : Invalid condition id : UX_CORESTACK_Condition cause : null
2025-06-30 09:24:26,133 [INFO] LogOutputStream:77 - [STDOUT_REDIRECT] 1 : Invalid condition id : UX_CORESTACK_Condition cause : null
2025-06-30 09:24:26,136 [INFO] LogOutputStream:77 - [STDOUT_REDIRECT] 1 : Invalid condition id : UX_CORESTACK_Condition cause : null
2025-06-30 09:24:26,137 [INFO] LogOutputStream:77 - [STDOUT_REDIRECT] 1 : Invalid condition id : UX_CORESTACK_Condition cause : null
2025-06-30 09:24:26,139 [INFO] LogOutputStream:77 - [STDOUT_REDIRECT] 1 : Invalid condition id : UX_CORESTACK_Condition cause : null
2025-06-30 09:24:26,142 [WARN] PackLoader:240 - Cannot read IP mode file for STMicroelectronics.X-CUBE-AZRTOS-WL.2.0.0
2025-06-30 09:24:26,148 [WARN] PackLoader:240 - Cannot read IP mode file for STMicroelectronics.FP-SNS-MOTENV1.5.0.0
2025-06-30 09:24:26,159 [WARN] PackLoader:240 - Cannot read IP mode file for WES.I-CUBE-Cesium.1.3.0
2025-06-30 09:24:26,165 [WARN] PackLoader:240 - Cannot read IP mode file for STMicroelectronics.X-CUBE-BLE2.3.3.0
2025-06-30 09:24:26,171 [WARN] PackLoader:240 - Cannot read IP mode file for STMicroelectronics.X-CUBE-NFC9.1.0.0
2025-06-30 09:24:26,178 [WARN] PackLoader:240 - Cannot read IP mode file for wolfSSL.I-CUBE-wolfSSL.5.8.0
2025-06-30 09:24:26,183 [WARN] PackLoader:240 - Cannot read IP mode file for STMicroelectronics.X-CUBE-BLE1.7.1.0
2025-06-30 09:24:26,187 [WARN] PackLoader:240 - Cannot read IP mode file for wolfSSL.I-CUBE-wolfMQTT.1.19.2
2025-06-30 09:24:26,191 [WARN] PackLoader:240 - Cannot read IP mode file for STMicroelectronics.X-CUBE-AI.10.1.0
2025-06-30 09:24:26,223 [WARN] PackLoader:240 - Cannot read IP mode file for STMicroelectronics.X-CUBE-MEMS1.11.2.0
2025-06-30 09:24:26,334 [WARN] PackLoader:240 - Cannot read IP mode file for STMicroelectronics.X-CUBE-AZRTOS-G0.1.1.0
2025-06-30 09:24:26,341 [WARN] PackLoader:240 - Cannot read IP mode file for STMicroelectronics.X-CUBE-SAFEA1.1.2.2
2025-06-30 09:24:26,347 [WARN] PackLoader:240 - Cannot read IP mode file for STMicroelectronics.X-CUBE-NFC4.3.0.0
2025-06-30 09:24:26,355 [WARN] PackLoader:240 - Cannot read IP mode file for EmbeddedOffice.I-CUBE-FS-RTOS.1.0.1
2025-06-30 09:24:26,360 [WARN] PackLoader:240 - Cannot read IP mode file for STMicroelectronics.X-CUBE-WB05N.2.0.0
2025-06-30 09:24:26,365 [WARN] PackLoader:240 - Cannot read IP mode file for wolfSSL.I-CUBE-wolfTPM.3.8.0
2025-06-30 09:24:26,369 [WARN] PackLoader:240 - Cannot read IP mode file for STMicroelectronics.X-CUBE-TCPP.4.2.0
2025-06-30 09:24:26,376 [WARN] PackLoader:240 - Cannot read IP mode file for RealThread.X-CUBE-RT-Thread_Nano.4.1.1
2025-06-30 09:24:26,382 [WARN] PackLoader:240 - Cannot read IP mode file for STMicroelectronics.FP-ATR-SIGFOX1.3.2.0
2025-06-30 09:24:26,387 [WARN] PackLoader:240 - Cannot read IP mode file for STMicroelectronics.X-CUBE-EEPRMA1.5.1.0
2025-06-30 09:24:26,393 [WARN] PackLoader:240 - Cannot read IP mode file for ITTIA_DB.I-CUBE-ITTIADB.8.9.0
2025-06-30 09:24:26,401 [WARN] PackLoader:240 - Cannot read IP mode file for STMicroelectronics.X-CUBE-ST67W61.1.0.0
2025-06-30 09:24:26,423 [WARN] PackLoader:240 - Cannot read IP mode file for SEGGER.I-CUBE-embOS.1.3.1
2025-06-30 09:24:26,452 [WARN] PackLoader:240 - Cannot read IP mode file for STMicroelectronics.X-CUBE-ALGOBUILD.1.4.0
2025-06-30 09:24:26,478 [WARN] PackLoader:240 - Cannot read IP mode file for STMicroelectronics.X-CUBE-MEMS1.11.3.0
2025-06-30 09:24:26,565 [WARN] PackLoader:240 - Cannot read IP mode file for STMicroelectronics.X-CUBE-PM33A1.1.0.0
2025-06-30 09:24:26,577 [WARN] PackLoader:240 - Cannot read IP mode file for STMicroelectronics.X-CUBE-AZRTOS-F4.1.1.0
2025-06-30 09:24:26,582 [WARN] PackLoader:240 - Cannot read IP mode file for Avnet-IotConnect.X-CUBE-IoTC-DA16k-PMOD.1.0.0
2025-06-30 09:24:26,586 [WARN] PackLoader:240 - Cannot read IP mode file for STMicroelectronics.X-CUBE-ISPU.2.1.0
2025-06-30 09:24:26,605 [WARN] PackLoader:240 - Cannot read IP mode file for STMicroelectronics.X-CUBE-AZRTOS-L5.2.0.0
2025-06-30 09:24:26,613 [WARN] PackLoader:240 - Cannot read IP mode file for STMicroelectronics.X-CUBE-NFC6.3.1.0
2025-06-30 09:24:26,619 [WARN] PackLoader:240 - Cannot read IP mode file for STMicroelectronics.X-CUBE-FREERTOS.1.3.1
2025-06-30 09:24:26,624 [WARN] PackLoader:240 - Cannot read IP mode file for STMicroelectronics.FP-SNS-STAIOTCFT.1.0.0
2025-06-30 09:24:26,629 [WARN] PackLoader:240 - Cannot read IP mode file for STMicroelectronics.X-CUBE-DPower.1.3.0
2025-06-30 09:24:26,640 [WARN] ConditionMgr:438 - getConditionDescription Invalid condition id : LAN8742 Phy interface Condition cause : null
2025-06-30 09:24:26,640 [WARN] PackLoader:240 - Cannot read IP mode file for STMicroelectronics.X-CUBE-AZRTOS-L4.2.0.0
2025-06-30 09:24:26,641 [WARN] ConditionMgr:1044 - genDependencies : Invalid condition id : LAN8742 Phy interface Condition cause : null
2025-06-30 09:24:26,641 [WARN] ConditionMgr:1044 - genDependencies : Invalid condition id : LAN8742 Phy interface Condition cause : null
2025-06-30 09:24:26,641 [WARN] ConditionMgr:1044 - genDependencies : Invalid condition id : LAN8742 Phy interface Condition cause : null
2025-06-30 09:24:26,647 [WARN] PackLoader:240 - Cannot read IP mode file for STMicroelectronics.X-CUBE-SFXS2LP1.4.0.0
2025-06-30 09:24:26,661 [WARN] PackLoader:240 - Cannot read IP mode file for STMicroelectronics.X-CUBE-AZRTOS-H7.3.3.0
2025-06-30 09:24:26,671 [WARN] ConditionMgr:438 - getConditionDescription Invalid condition id : UX DEVICE CLASS RTOS Condition cause : null
2025-06-30 09:24:26,671 [WARN] ConditionMgr:438 - getConditionDescription Invalid condition id : UX DEVICE CLASS RTOS Condition cause : null
2025-06-30 09:24:26,673 [WARN] PackLoader:240 - Cannot read IP mode file for STMicroelectronics.X-CUBE-AZRTOS-WB.2.0.0
2025-06-30 09:24:26,673 [WARN] ConditionMgr:1044 - genDependencies : Invalid condition id : UX DEVICE CLASS RTOS Condition cause : null
2025-06-30 09:24:26,673 [WARN] ConditionMgr:1044 - genDependencies : Invalid condition id : UX DEVICE CLASS RTOS Condition cause : null
2025-06-30 09:24:26,674 [WARN] ConditionMgr:1044 - genDependencies : Invalid condition id : UX DEVICE CLASS RTOS Condition cause : null
2025-06-30 09:24:26,674 [WARN] ConditionMgr:1044 - genDependencies : Invalid condition id : UX DEVICE CLASS RTOS Condition cause : null
2025-06-30 09:24:26,674 [WARN] ConditionMgr:1044 - genDependencies : Invalid condition id : UX DEVICE CLASS RTOS Condition cause : null
2025-06-30 09:24:26,679 [WARN] PackLoader:240 - Cannot read IP mode file for STMicroelectronics.X-CUBE-GNSS1.7.0.1
2025-06-30 09:24:26,687 [WARN] PackLoader:240 - Cannot read IP mode file for STMicroelectronics.X-CUBE-TOUCHGFX.4.25.0
2025-06-30 09:24:26,693 [WARN] PackLoader:240 - Cannot read IP mode file for STMicroelectronics.FP-SNS-STBOX1.2.0.0
2025-06-30 09:24:26,702 [WARN] PackLoader:240 - Cannot read IP mode file for STMicroelectronics.X-CUBE-SUBG2.5.0.0
2025-06-30 09:24:26,717 [WARN] PackLoader:240 - Cannot read IP mode file for STMicroelectronics.X-CUBE-AZRTOS-H7RS.1.1.0
2025-06-30 09:24:26,721 [WARN] PackLoader:240 - Cannot read IP mode file for Cesanta.I-CUBE-Mongoose.7.13.0
2025-06-30 09:24:26,733 [WARN] PackLoader:240 - Cannot read IP mode file for STMicroelectronics.X-CUBE-AZRTOS-G4.2.0.0
2025-06-30 09:24:26,737 [WARN] PackLoader:240 - Cannot read IP mode file for wolfSSL.I-CUBE-wolfSSH.1.4.20
2025-06-30 09:24:26,741 [WARN] PackLoader:240 - Cannot read IP mode file for STMicroelectronics.X-CUBE-NFC7.2.0.0
2025-06-30 09:24:26,750 [WARN] PackLoader:240 - Cannot read IP mode file for STMicroelectronics.X-CUBE-IPS.3.1.0
2025-06-30 09:24:26,759 [WARN] PackLoader:240 - Cannot read IP mode file for STMicroelectronics.X-CUBE-ALS.1.0.2
2025-06-30 09:24:26,764 [WARN] PackLoader:240 - Cannot read IP mode file for portGmbH.I-Cube-SoM-uGOAL.1.1.0
2025-06-30 09:24:26,779 [WARN] PackLoader:240 - Cannot read IP mode file for STMicroelectronics.X-CUBE-TOF1.3.4.3
2025-06-30 09:24:26,786 [INFO] ThirdParty:978 - Integrity check success = true
2025-06-30 09:24:26,787 [INFO] IntegrityCheckThread:100 - exiting critical section [integrity check]
2025-06-30 09:24:26,787 [INFO] IntegrityCheckThread:103 - End integrity checks thread
2025-06-30 09:25:30,840 [ERROR] LogOutputStream:75 - [STDERR_REDIRECT] 
2025-06-30 09:25:39,556 [INFO] Activator:176 - 


2025-06-30 09:25:39,559 [INFO] Activator:177 - !SESSION log4j initialized
2025-06-30 09:25:46,087 [INFO] LogOutputStream:77 - [STDOUT_REDIRECT] 
2025-06-30 09:25:48,224 [INFO] ApplicationProperties:184 - Using Application install path: C:\ST\STM32CubeIDE_1.18.1\STM32CubeIDE\plugins\com.st.stm32cube.common.mx_6.14.1.202504091515
2025-06-30 09:25:48,240 [INFO] DbMcusXml:78 - Set database path to: C:\ST\STM32CubeIDE_1.18.1\STM32CubeIDE\plugins\com.st.stm32cube.common.mx_6.14.1.202504091515\\db\/mcu/
2025-06-30 09:25:48,240 [INFO] ApiDb:274 - Set plugin database path to: C:\ST\STM32CubeIDE_1.18.1\STM32CubeIDE\plugins\com.st.stm32cube.common.mx_6.14.1.202504091515\\db\/plugins/boardmanager/
2025-06-30 09:25:48,241 [WARN] ApiDb:259 - Overriding images path with different value:  => C:\ST\STM32CubeIDE_1.18.1\STM32CubeIDE\plugins\com.st.stm32cube.common.mx_6.14.1.202504091515\\db\/plugins/mcufinder/images/
2025-06-30 09:25:48,249 [INFO] ApiDb:250 - Set database path to: C:\Users\kccistc\.stmcufinder\plugins\mcufinder//mcu/
2025-06-30 09:25:48,251 [INFO] DbMcusAds:125 - Set database path to: C:\Users\kccistc\.stmcufinder\plugins\mcufinder//mcu/
2025-06-30 09:25:48,255 [INFO] CrossReferenceDbSqlite:203 - Set database path to: C:\Users\kccistc\.stmcufinder\plugins\mcufinder//mcu/cs/
2025-06-30 09:25:48,368 [INFO] RulesReader:64 - Compatibility file has been processed (302 Rules)
2025-06-30 09:25:48,465 [INFO] DbMcusXml:78 - Set database path to: C:\ST\STM32CubeIDE_1.18.1\STM32CubeIDE\plugins\com.st.stm32cube.common.mx_6.14.1.202504091515\\db\/mcu/
2025-06-30 09:25:48,465 [INFO] ApiDb:274 - Set plugin database path to: C:\ST\STM32CubeIDE_1.18.1\STM32CubeIDE\plugins\com.st.stm32cube.common.mx_6.14.1.202504091515\\db\/plugins/boardmanager/
2025-06-30 09:25:48,466 [INFO] ApiDb:261 - Set plugin images path to: C:\ST\STM32CubeIDE_1.18.1\STM32CubeIDE\plugins\com.st.stm32cube.common.mx_6.14.1.202504091515\\db\/plugins/mcufinder/images/
2025-06-30 09:25:48,466 [WARN] DbFile:41 - Overriding database path with different value: C:\Users\kccistc\.stmcufinder\plugins\mcufinder/ => C:\Users\kccistc\.stmcufinder\plugins\mcufinder
2025-06-30 09:25:48,466 [INFO] ApiDb:250 - Set database path to: C:\Users\kccistc\.stmcufinder\plugins\mcufinder//mcu/
2025-06-30 09:25:48,466 [WARN] DbFile:41 - Overriding database path with different value: C:\Users\kccistc\.stmcufinder\plugins\mcufinder/ => C:\Users\kccistc\.stmcufinder\plugins\mcufinder
2025-06-30 09:25:48,466 [INFO] DbMcusAds:125 - Set database path to: C:\Users\kccistc\.stmcufinder\plugins\mcufinder//mcu/
2025-06-30 09:25:48,466 [WARN] DbFile:41 - Overriding database path with different value: C:\Users\kccistc\.stmcufinder\plugins\mcufinder/ => C:\Users\kccistc\.stmcufinder\plugins\mcufinder
2025-06-30 09:25:48,466 [WARN] DbFile:41 - Overriding database path with different value: C:\Users\kccistc\.stmcufinder\plugins\mcufinder/ => C:\Users\kccistc\.stmcufinder\plugins\mcufinder
2025-06-30 09:25:48,467 [INFO] CrossReferenceDbSqlite:203 - Set database path to: C:\Users\kccistc\.stmcufinder\plugins\mcufinder//mcu/cs/
2025-06-30 09:25:48,530 [INFO] MainPanel:272 - HeapMemory: 268435456
2025-06-30 09:25:48,599 [INFO] DbMcusXml:78 - Set database path to: C:\ST\STM32CubeIDE_1.18.1\STM32CubeIDE\plugins\com.st.stm32cube.common.mx_6.14.1.202504091515\\db\/mcu/
2025-06-30 09:25:48,599 [INFO] ApiDb:274 - Set plugin database path to: C:\ST\STM32CubeIDE_1.18.1\STM32CubeIDE\plugins\com.st.stm32cube.common.mx_6.14.1.202504091515\\db\/plugins/boardmanager/
2025-06-30 09:25:48,600 [INFO] ApiDb:261 - Set plugin images path to: C:\ST\STM32CubeIDE_1.18.1\STM32CubeIDE\plugins\com.st.stm32cube.common.mx_6.14.1.202504091515\\db\/plugins/mcufinder/images/
2025-06-30 09:25:48,600 [WARN] DbFile:41 - Overriding database path with different value: C:\Users\kccistc\.stmcufinder\plugins\mcufinder/ => C:\Users\kccistc\.stmcufinder\plugins\mcufinder
2025-06-30 09:25:48,600 [INFO] ApiDb:250 - Set database path to: C:\Users\kccistc\.stmcufinder\plugins\mcufinder//mcu/
2025-06-30 09:25:48,600 [WARN] DbFile:41 - Overriding database path with different value: C:\Users\kccistc\.stmcufinder\plugins\mcufinder/ => C:\Users\kccistc\.stmcufinder\plugins\mcufinder
2025-06-30 09:25:48,600 [INFO] DbMcusAds:125 - Set database path to: C:\Users\kccistc\.stmcufinder\plugins\mcufinder//mcu/
2025-06-30 09:25:48,600 [WARN] DbFile:41 - Overriding database path with different value: C:\Users\kccistc\.stmcufinder\plugins\mcufinder/ => C:\Users\kccistc\.stmcufinder\plugins\mcufinder
2025-06-30 09:25:48,600 [WARN] DbFile:41 - Overriding database path with different value: C:\Users\kccistc\.stmcufinder\plugins\mcufinder/ => C:\Users\kccistc\.stmcufinder\plugins\mcufinder
2025-06-30 09:25:48,600 [INFO] CrossReferenceDbSqlite:203 - Set database path to: C:\Users\kccistc\.stmcufinder\plugins\mcufinder//mcu/cs/
2025-06-30 09:25:48,616 [INFO] ApplicationProperties:184 - Using Application install path: C:\ST\STM32CubeIDE_1.18.1\STM32CubeIDE\plugins\com.st.stm32cube.common.mx_6.14.1.202504091515
2025-06-30 09:25:48,617 [INFO] PluginManage:196 - Search for loadable plugins [exclusion list=, ]
2025-06-30 09:25:48,618 [INFO] PluginManage:310 - Check plugin analytics
2025-06-30 09:25:48,825 [INFO] AnalyticsPlugin:253 - Accepted Software Licenses: 
2025-06-30 09:25:48,825 [INFO] AnalyticsPlugin:255 - Accepted CMSIS Pack Licenses: 
2025-06-30 09:25:48,825 [INFO] AnalyticsPlugin:257 - Accepted Firmware Licenses: FW.F4.1.28.0
2025-06-30 09:25:48,832 [INFO] PluginManage:359 - Loaded plugin analytics (category:tool,tabindex:-1)
2025-06-30 09:25:48,833 [INFO] PluginManage:310 - Check plugin cadmodel
2025-06-30 09:25:48,839 [INFO] CADModel:105 - Init CAD model plugin
2025-06-30 09:25:48,839 [INFO] PluginManage:359 - Loaded plugin cadmodel (category:power,tabindex:5)
2025-06-30 09:25:48,841 [INFO] PluginManage:310 - Check plugin clock
2025-06-30 09:25:48,856 [INFO] PluginManage:359 - Loaded plugin clock (category:base,tabindex:2)
2025-06-30 09:25:48,856 [INFO] PluginManage:310 - Check plugin ddr
2025-06-30 09:25:48,863 [INFO] PluginManage:359 - Loaded plugin ddr (category:tool,tabindex:6)
2025-06-30 09:25:48,864 [INFO] PluginManage:310 - Check plugin filemanager
2025-06-30 09:25:49,043 [INFO] PluginManage:359 - Loaded plugin filemanager (category:base,tabindex:10)
2025-06-30 09:25:49,043 [INFO] PluginManage:310 - Check plugin ipmanager
2025-06-30 09:25:49,050 [INFO] PluginManage:359 - Loaded plugin ipmanager (category:base,tabindex:5)
2025-06-30 09:25:49,050 [INFO] PluginManage:310 - Check plugin lpbam
2025-06-30 09:25:49,059 [INFO] PluginManage:359 - Loaded plugin lpbam (category:base,tabindex:0)
2025-06-30 09:25:49,059 [INFO] PluginManage:310 - Check plugin memorymap
2025-06-30 09:25:49,069 [INFO] PluginManage:359 - Loaded plugin memorymap (category:base,tabindex:4)
2025-06-30 09:25:49,069 [INFO] PluginManage:310 - Check plugin pinoutandconfiguration
2025-06-30 09:25:49,075 [INFO] PluginManage:359 - Loaded plugin pinoutandconfiguration (category:base,tabindex:1)
2025-06-30 09:25:49,075 [INFO] PluginManage:310 - Check plugin pinoutconfig
2025-06-30 09:25:49,167 [WARN] SupportedApi:132 - Cannot load RTOS API schema: s4s-elt-must-match.1: The content of 'definitions' must match (annotation?, (simpleType | complexType)?, (unique | key | keyref)*)). A problem was found starting at: attribute.
2025-06-30 09:25:49,270 [INFO] PluginManage:359 - Loaded plugin pinoutconfig (category:base,tabindex:0)
2025-06-30 09:25:49,270 [INFO] PluginManage:310 - Check plugin power
2025-06-30 09:25:49,280 [INFO] PluginManage:359 - Loaded plugin power (category:power,tabindex:4)
2025-06-30 09:25:49,280 [INFO] PluginManage:310 - Check plugin projectmanager
2025-06-30 09:25:49,298 [INFO] PluginManage:359 - Loaded plugin projectmanager (category:projectmanager,tabindex:4)
2025-06-30 09:25:49,298 [INFO] PluginManage:310 - Check plugin rif
2025-06-30 09:25:49,305 [INFO] PluginManage:359 - Loaded plugin rif (category:base,tabindex:3)
2025-06-30 09:25:49,305 [INFO] PluginManage:310 - Check plugin thirdparty
2025-06-30 09:25:49,460 [WARN] IntegrityCheckThread:84 - waiting for thirdparty lock release [integrity check]
2025-06-30 09:25:49,460 [INFO] PluginManage:359 - Loaded plugin thirdparty (category:base,tabindex:-1)
2025-06-30 09:25:49,460 [INFO] IntegrityCheckThread:86 - entering critical section [integrity check]
2025-06-30 09:25:49,460 [INFO] PluginManage:310 - Check plugin tools
2025-06-30 09:25:49,460 [INFO] ThirdPartyUpdaterWithRetryManager:70 - Updater plugin not ready yet. [1/15]
2025-06-30 09:25:49,464 [INFO] PluginManage:359 - Loaded plugin tools (category:base,tabindex:7)
2025-06-30 09:25:49,464 [INFO] PluginManage:310 - Check plugin tutovideos
2025-06-30 09:25:49,640 [INFO] PluginManage:359 - Loaded plugin tutovideos (category:base,tabindex:-1)
2025-06-30 09:25:49,640 [INFO] PluginManage:310 - Check plugin updater
2025-06-30 09:25:49,679 [INFO] PluginManage:359 - Loaded plugin updater (category:base,tabindex:12)
2025-06-30 09:25:49,679 [INFO] PluginManage:310 - Check plugin userauth
2025-06-30 09:25:49,688 [INFO] UserAuth:118 - Init User Auth plugin
2025-06-30 09:25:49,690 [INFO] PluginManage:359 - Loaded plugin userauth (category:base,tabindex:14)
2025-06-30 09:25:49,690 [INFO] PluginManage:283 - PluginManage : Loaded plugins [18]
2025-06-30 09:25:49,944 [INFO] PinOutPanel:1589 - setPackage(No Configuration,No Configuration)
2025-06-30 09:25:50,033 [INFO] CADModel:165 - CPN selected for project level
2025-06-30 09:25:50,033 [INFO] CADModel:114 - Register for checkConnection events
2025-06-30 09:25:50,048 [INFO] IPUIPlugin:80 - create IPUIPlugin
2025-06-30 09:25:50,048 [INFO] PluginManager:220 - loadIPPluginJar : add adc
2025-06-30 09:25:50,051 [INFO] IPUIPlugin:80 - create IPUIPlugin
2025-06-30 09:25:50,051 [INFO] PluginManager:220 - loadIPPluginJar : add aes
2025-06-30 09:25:50,053 [INFO] IPUIPlugin:80 - create IPUIPlugin
2025-06-30 09:25:50,053 [INFO] PluginManager:220 - loadIPPluginJar : add can
2025-06-30 09:25:50,054 [INFO] IPUIPlugin:80 - create IPUIPlugin
2025-06-30 09:25:50,054 [INFO] PluginManager:220 - loadIPPluginJar : add comp
2025-06-30 09:25:50,056 [INFO] IPUIPlugin:80 - create IPUIPlugin
2025-06-30 09:25:50,056 [INFO] PluginManager:220 - loadIPPluginJar : add cryp
2025-06-30 09:25:50,058 [INFO] IPUIPlugin:80 - create IPUIPlugin
2025-06-30 09:25:50,058 [INFO] PluginManager:220 - loadIPPluginJar : add ddr_ctrl_phy
2025-06-30 09:25:50,060 [INFO] IPUIPlugin:80 - create IPUIPlugin
2025-06-30 09:25:50,060 [INFO] PluginManager:220 - loadIPPluginJar : add dfsdm
2025-06-30 09:25:50,064 [INFO] IPUIPlugin:80 - create IPUIPlugin
2025-06-30 09:25:50,064 [INFO] PluginManager:220 - loadIPPluginJar : add dma
2025-06-30 09:25:50,066 [INFO] IPUIPlugin:80 - create IPUIPlugin
2025-06-30 09:25:50,066 [INFO] PluginManager:220 - loadIPPluginJar : add dma3
2025-06-30 09:25:50,069 [INFO] IPUIPlugin:80 - create IPUIPlugin
2025-06-30 09:25:50,069 [INFO] PluginManager:220 - loadIPPluginJar : add extmemmanager
2025-06-30 09:25:50,070 [INFO] IPUIPlugin:80 - create IPUIPlugin
2025-06-30 09:25:50,070 [INFO] PluginManager:220 - loadIPPluginJar : add fatfs
2025-06-30 09:25:50,075 [INFO] IPUIPlugin:80 - create IPUIPlugin
2025-06-30 09:25:50,075 [INFO] PluginManager:220 - loadIPPluginJar : add fmc
2025-06-30 09:25:50,078 [INFO] IPUIPlugin:80 - create IPUIPlugin
2025-06-30 09:25:50,079 [INFO] PluginManager:220 - loadIPPluginJar : add freertos
2025-06-30 09:25:50,080 [INFO] IPUIPlugin:80 - create IPUIPlugin
2025-06-30 09:25:50,080 [INFO] PluginManager:220 - loadIPPluginJar : add genericplugin
2025-06-30 09:25:50,082 [INFO] IPUIPlugin:80 - create IPUIPlugin
2025-06-30 09:25:50,082 [INFO] PluginManager:220 - loadIPPluginJar : add gfxmmu
2025-06-30 09:25:50,086 [INFO] IPUIPlugin:80 - create IPUIPlugin
2025-06-30 09:25:50,086 [INFO] PluginManager:220 - loadIPPluginJar : add gic
2025-06-30 09:25:50,090 [INFO] IPUIPlugin:80 - create IPUIPlugin
2025-06-30 09:25:50,090 [INFO] PluginManager:220 - loadIPPluginJar : add gpio
2025-06-30 09:25:50,093 [INFO] IPUIPlugin:80 - create IPUIPlugin
2025-06-30 09:25:50,093 [INFO] PluginManager:220 - loadIPPluginJar : add gtzc
2025-06-30 09:25:50,096 [INFO] IPUIPlugin:80 - create IPUIPlugin
2025-06-30 09:25:50,096 [INFO] PluginManager:220 - loadIPPluginJar : add hash
2025-06-30 09:25:50,100 [INFO] IPUIPlugin:80 - create IPUIPlugin
2025-06-30 09:25:50,100 [INFO] PluginManager:220 - loadIPPluginJar : add i2c
2025-06-30 09:25:50,103 [INFO] IPUIPlugin:80 - create IPUIPlugin
2025-06-30 09:25:50,104 [INFO] PluginManager:220 - loadIPPluginJar : add i2s
2025-06-30 09:25:50,107 [INFO] IPUIPlugin:80 - create IPUIPlugin
2025-06-30 09:25:50,107 [INFO] PluginManager:220 - loadIPPluginJar : add i3c
2025-06-30 09:25:50,110 [INFO] IPUIPlugin:80 - create IPUIPlugin
2025-06-30 09:25:50,110 [INFO] PluginManager:220 - loadIPPluginJar : add ipddr
2025-06-30 09:25:50,117 [INFO] IPUIPlugin:80 - create IPUIPlugin
2025-06-30 09:25:50,117 [INFO] PluginManager:220 - loadIPPluginJar : add linkedlist
2025-06-30 09:25:50,123 [INFO] IPUIPlugin:80 - create IPUIPlugin
2025-06-30 09:25:50,123 [INFO] PluginManager:220 - loadIPPluginJar : add lorawan
2025-06-30 09:25:50,124 [INFO] IPUIPlugin:80 - create IPUIPlugin
2025-06-30 09:25:50,124 [INFO] PluginManager:220 - loadIPPluginJar : add ltdc
2025-06-30 09:25:50,129 [INFO] IPUIPlugin:80 - create IPUIPlugin
2025-06-30 09:25:50,129 [INFO] PluginManager:220 - loadIPPluginJar : add mdma
2025-06-30 09:25:50,133 [INFO] IPUIPlugin:80 - create IPUIPlugin
2025-06-30 09:25:50,133 [INFO] PluginManager:220 - loadIPPluginJar : add nvic
2025-06-30 09:25:50,136 [INFO] IPUIPlugin:80 - create IPUIPlugin
2025-06-30 09:25:50,136 [INFO] PluginManager:220 - loadIPPluginJar : add opamp
2025-06-30 09:25:50,141 [INFO] IPUIPlugin:80 - create IPUIPlugin
2025-06-30 09:25:50,141 [INFO] PluginManager:220 - loadIPPluginJar : add openamp
2025-06-30 09:25:50,144 [INFO] IPUIPlugin:80 - create IPUIPlugin
2025-06-30 09:25:50,145 [INFO] PluginManager:220 - loadIPPluginJar : add pdm2pcm
2025-06-30 09:25:50,151 [INFO] IPUIPlugin:80 - create IPUIPlugin
2025-06-30 09:25:50,152 [INFO] PluginManager:220 - loadIPPluginJar : add plateformsettings
2025-06-30 09:25:50,153 [INFO] IPUIPlugin:80 - create IPUIPlugin
2025-06-30 09:25:50,153 [INFO] PluginManager:220 - loadIPPluginJar : add quadspi
2025-06-30 09:25:50,154 [INFO] IPUIPlugin:80 - create IPUIPlugin
2025-06-30 09:25:50,155 [INFO] PluginManager:220 - loadIPPluginJar : add radio
2025-06-30 09:25:50,157 [INFO] IPUIPlugin:80 - create IPUIPlugin
2025-06-30 09:25:50,158 [INFO] PluginManager:220 - loadIPPluginJar : add resmgrutility
2025-06-30 09:25:50,160 [INFO] IPUIPlugin:80 - create IPUIPlugin
2025-06-30 09:25:50,160 [INFO] PluginManager:220 - loadIPPluginJar : add sai
2025-06-30 09:25:50,161 [INFO] IPUIPlugin:80 - create IPUIPlugin
2025-06-30 09:25:50,163 [INFO] PluginManager:220 - loadIPPluginJar : add spi
2025-06-30 09:25:50,169 [INFO] IPUIPlugin:80 - create IPUIPlugin
2025-06-30 09:25:50,169 [INFO] PluginManager:220 - loadIPPluginJar : add stm32_wpan
2025-06-30 09:25:50,170 [INFO] IPUIPlugin:80 - create IPUIPlugin
2025-06-30 09:25:50,170 [INFO] PluginManager:220 - loadIPPluginJar : add tim
2025-06-30 09:25:50,173 [INFO] IPUIPlugin:80 - create IPUIPlugin
2025-06-30 09:25:50,173 [INFO] PluginManager:220 - loadIPPluginJar : add touchsensing
2025-06-30 09:25:50,174 [INFO] IPUIPlugin:80 - create IPUIPlugin
2025-06-30 09:25:50,175 [INFO] PluginManager:220 - loadIPPluginJar : add tracer_emb
2025-06-30 09:25:50,177 [INFO] IPUIPlugin:80 - create IPUIPlugin
2025-06-30 09:25:50,177 [INFO] PluginManager:220 - loadIPPluginJar : add ts
2025-06-30 09:25:50,179 [INFO] IPUIPlugin:80 - create IPUIPlugin
2025-06-30 09:25:50,179 [INFO] PluginManager:220 - loadIPPluginJar : add tsc
2025-06-30 09:25:50,181 [INFO] IPUIPlugin:80 - create IPUIPlugin
2025-06-30 09:25:50,182 [INFO] PluginManager:220 - loadIPPluginJar : add ucpd
2025-06-30 09:25:50,184 [INFO] IPUIPlugin:80 - create IPUIPlugin
2025-06-30 09:25:50,184 [INFO] PluginManager:220 - loadIPPluginJar : add usart
2025-06-30 09:25:50,187 [INFO] IPUIPlugin:80 - create IPUIPlugin
2025-06-30 09:25:50,187 [INFO] PluginManager:220 - loadIPPluginJar : add usbx
2025-06-30 09:25:50,307 [FATAL] Updater:351 - Updater called before beeing initialized
2025-06-30 09:25:50,337 [INFO] RulesReader:64 - Compatibility file has been processed (302 Rules)
2025-06-30 09:25:50,350 [INFO] RulesReader:64 - Compatibility file has been processed (302 Rules)
2025-06-30 09:25:50,364 [INFO] CADModel:165 - CPN selected for project level
2025-06-30 09:25:50,364 [INFO] CADModel:114 - Register for checkConnection events
2025-06-30 09:25:50,364 [FATAL] Updater:351 - Updater called before beeing initialized
2025-06-30 09:25:50,364 [ERROR] CADModel:125 - Updater not yet initialized, retry later 
2025-06-30 09:25:50,556 [FATAL] Updater:351 - Updater called before beeing initialized
2025-06-30 09:25:50,559 [INFO] CADModel:165 - CPN selected for project level
2025-06-30 09:25:50,559 [INFO] CADModel:114 - Register for checkConnection events
2025-06-30 09:25:50,559 [FATAL] Updater:351 - Updater called before beeing initialized
2025-06-30 09:25:50,560 [ERROR] CADModel:125 - Updater not yet initialized, retry later 
2025-06-30 09:25:50,565 [FATAL] Updater:351 - Updater called before beeing initialized
2025-06-30 09:25:50,788 [FATAL] Updater:351 - Updater called before beeing initialized
2025-06-30 09:25:50,793 [INFO] DbMcusAds:53 - JSON generation date=Thu Jun 19 17:32:34 KST 2025 (1750321954415)
2025-06-30 09:25:50,793 [FATAL] Updater:351 - Updater called before beeing initialized
2025-06-30 09:25:50,837 [WARN] DetailPanel:346 - Failed to get advertising image, set to default
2025-06-30 09:25:51,047 [FATAL] Updater:351 - Updater called before beeing initialized
2025-06-30 09:25:51,050 [FATAL] Updater:351 - Updater called before beeing initialized
2025-06-30 09:25:51,050 [FATAL] Updater:351 - Updater called before beeing initialized
2025-06-30 09:25:51,050 [WARN] DetailPanel:346 - Failed to get advertising image, set to default
2025-06-30 09:25:51,051 [FATAL] Updater:351 - Updater called before beeing initialized
2025-06-30 09:25:51,128 [ERROR] Updater:1198 - MainUpdater not yet initialized. External WinMGr cannot be set.
2025-06-30 09:25:51,132 [INFO] Updater:1134 - Updater Version found : 6.14.1
2025-06-30 09:25:51,149 [INFO] ApplicationProperties:184 - Using Application install path: C:\ST\STM32CubeIDE_1.18.1\STM32CubeIDE\plugins\com.st.stm32cube.common.mx_6.14.1.202504091515
2025-06-30 09:25:52,462 [INFO] ThirdPartyUpdaterWithRetryManager:70 - Updater plugin not ready yet. [2/15]
2025-06-30 09:25:52,730 [ERROR] LogOutputStream:75 - [STDERR_REDIRECT] Jun 30, 2025 9:25:52 AM java.util.prefs.WindowsPreferences <init>
2025-06-30 09:25:52,732 [ERROR] LogOutputStream:75 - [STDERR_REDIRECT] WARNING: Could not open/create prefs root node Software\JavaSoft\Prefs at root 0xffffffff80000002. Windows RegCreateKeyEx(...) returned error code 5.
2025-06-30 09:25:52,732 [ERROR] LogOutputStream:75 - [STDERR_REDIRECT] 
2025-06-30 09:25:53,133 [INFO] MainUpdater:2872 - connection check result : 10
2025-06-30 09:25:53,134 [INFO] MainUpdater:289 - Updater Check For Update Now.
2025-06-30 09:25:53,134 [INFO] MicroXplorer:498 - Change Database Version : DB.6.0.141
2025-06-30 09:25:53,138 [INFO] McuFinderGlobals:63 - Set McuFinder mode to 2 (CubeIDE integrated)
2025-06-30 09:25:53,138 [INFO] UserAuth:171 - activating auth plugin
2025-06-30 09:25:53,141 [INFO] UserAuth:484 - Internet connection configuration mode: 1
2025-06-30 09:25:53,172 [INFO] JxBrowserEngine:152 - Initiate JxBrowser Engine with user profile folder
2025-06-30 09:25:53,302 [INFO] CheckServerUpdateThread:120 - End of CheckServer Thread
2025-06-30 09:25:53,804 [INFO] WebApp:169 - Instantiating new browser for Auth
2025-06-30 09:25:54,467 [INFO] WebApp:463 - Apply proxy settings
2025-06-30 09:25:54,467 [INFO] WebApp:548 - Chromium requires no authentication
2025-06-30 09:25:54,475 [INFO] WebApp:491 - Direct internet connection detected
2025-06-30 09:25:54,495 [INFO] WebApp:894 - Register for checkConnection events
2025-06-30 09:25:54,495 [INFO] WebApp:463 - Apply proxy settings
2025-06-30 09:25:54,495 [INFO] WebApp:548 - Chromium requires no authentication
2025-06-30 09:25:54,496 [INFO] WebApp:491 - Direct internet connection detected
2025-06-30 09:25:54,625 [INFO] WebApp:225 - Starting web application
2025-06-30 09:25:54,625 [INFO] WebApp:593 - Web application path used C:\ST\STM32CubeIDE_1.18.1\STM32CubeIDE\plugins\com.st.stm32cube.common.mx_6.14.1.202504091515\db\plugins\mcufinder\reactClient1\index.html
2025-06-30 09:25:54,815 [INFO] WebApp:191 - Connection restablished
2025-06-30 09:25:55,680 [WARN] PackLoader:240 - Cannot read IP mode file for STMicroelectronics.FP-SNS-MOTENVWB1.1.4.0
2025-06-30 09:25:55,686 [WARN] PackLoader:240 - Cannot read IP mode file for STMicroelectronics.FP-ATR-ASTRA1.2.0.2
2025-06-30 09:25:55,691 [WARN] PackLoader:240 - Cannot read IP mode file for STMicroelectronics.X-CUBE-SMBUS.2.1.0
2025-06-30 09:25:55,696 [WARN] PackLoader:240 - Cannot read IP mode file for STMicroelectronics.X-CUBE-ST60.1.0.0
2025-06-30 09:25:55,729 [WARN] PackLoader:240 - Cannot read IP mode file for STMicroelectronics.X-CUBE-AZRTOS-F7.1.1.0
2025-06-30 09:25:55,753 [WARN] PackLoader:240 - Cannot read IP mode file for Infineon.AIROC-Wi-Fi-Bluetooth-STM32.1.7.0
2025-06-30 09:25:55,766 [WARN] PackLoader:240 - Cannot read IP mode file for STMicroelectronics.X-CUBE-DISPLAY.3.0.0
2025-06-30 09:25:55,781 [WARN] PackLoader:240 - Cannot read IP mode file for STMicroelectronics.X-CUBE-NFC10.1.0.0
2025-06-30 09:25:55,793 [WARN] PackLoader:240 - Cannot read IP mode file for STMicroelectronics.X-CUBE-BLEMGR.4.0.0
2025-06-30 09:25:55,801 [WARN] PackLoader:240 - Cannot read IP mode file for emotas.I-CUBE-CANOPEN.1.3.0
2025-06-30 09:25:55,808 [WARN] ConditionMgr:438 - getConditionDescription Invalid condition id : Cortex-A Device cause : null
2025-06-30 09:25:55,826 [WARN] ConditionMgr:1044 - genDependencies : Invalid condition id : Cortex-A Device cause : null
2025-06-30 09:25:55,827 [WARN] ConditionMgr:1044 - genDependencies : Invalid condition id : Cortex-A Device cause : null
2025-06-30 09:25:55,827 [WARN] ConditionMgr:1044 - genDependencies : Invalid condition id : Cortex-A Device cause : null
2025-06-30 09:25:55,832 [WARN] PackLoader:240 - Cannot read IP mode file for STMicroelectronics.X-CUBE-AI.10.0.0
2025-06-30 09:25:55,839 [WARN] PackLoader:240 - Cannot read IP mode file for STMicroelectronics.FP-SNS-SMARTAG2.1.2.0
2025-06-30 09:25:55,848 [WARN] PackLoader:240 - Cannot read IP mode file for STMicroelectronics.FP-SNS-FLIGHT1.5.1.0
2025-06-30 09:25:55,866 [INFO] LogOutputStream:77 - [STDOUT_REDIRECT] 1 : Invalid condition id : UX_CORESTACK_Condition cause : null
2025-06-30 09:25:55,867 [INFO] LogOutputStream:77 - [STDOUT_REDIRECT] 1 : Invalid condition id : UX_CORESTACK_Condition cause : null
2025-06-30 09:25:55,869 [INFO] LogOutputStream:77 - [STDOUT_REDIRECT] 1 : Invalid condition id : UX_CORESTACK_Condition cause : null
2025-06-30 09:25:55,870 [INFO] LogOutputStream:77 - [STDOUT_REDIRECT] 1 : Invalid condition id : UX_CORESTACK_Condition cause : null
2025-06-30 09:25:55,871 [INFO] LogOutputStream:77 - [STDOUT_REDIRECT] 1 : Invalid condition id : UX_CORESTACK_Condition cause : null
2025-06-30 09:25:55,875 [WARN] PackLoader:240 - Cannot read IP mode file for STMicroelectronics.X-CUBE-AZRTOS-WL.2.0.0
2025-06-30 09:25:55,881 [WARN] PackLoader:240 - Cannot read IP mode file for STMicroelectronics.FP-SNS-MOTENV1.5.0.0
2025-06-30 09:25:55,892 [WARN] PackLoader:240 - Cannot read IP mode file for WES.I-CUBE-Cesium.1.3.0
2025-06-30 09:25:55,900 [WARN] PackLoader:240 - Cannot read IP mode file for STMicroelectronics.X-CUBE-BLE2.3.3.0
2025-06-30 09:25:55,906 [WARN] PackLoader:240 - Cannot read IP mode file for STMicroelectronics.X-CUBE-NFC9.1.0.0
2025-06-30 09:25:55,915 [WARN] PackLoader:240 - Cannot read IP mode file for wolfSSL.I-CUBE-wolfSSL.5.8.0
2025-06-30 09:25:55,920 [WARN] PackLoader:240 - Cannot read IP mode file for STMicroelectronics.X-CUBE-BLE1.7.1.0
2025-06-30 09:25:55,926 [WARN] PackLoader:240 - Cannot read IP mode file for wolfSSL.I-CUBE-wolfMQTT.1.19.2
2025-06-30 09:25:55,930 [WARN] PackLoader:240 - Cannot read IP mode file for STMicroelectronics.X-CUBE-AI.10.1.0
2025-06-30 09:25:55,971 [WARN] PackLoader:240 - Cannot read IP mode file for STMicroelectronics.X-CUBE-MEMS1.11.2.0
2025-06-30 09:25:56,132 [WARN] PackLoader:240 - Cannot read IP mode file for STMicroelectronics.X-CUBE-AZRTOS-G0.1.1.0
2025-06-30 09:25:56,144 [WARN] PackLoader:240 - Cannot read IP mode file for STMicroelectronics.X-CUBE-SAFEA1.1.2.2
2025-06-30 09:25:56,153 [WARN] PackLoader:240 - Cannot read IP mode file for STMicroelectronics.X-CUBE-NFC4.3.0.0
2025-06-30 09:25:56,383 [WARN] PackLoader:240 - Cannot read IP mode file for EmbeddedOffice.I-CUBE-FS-RTOS.1.0.1
2025-06-30 09:25:56,402 [WARN] PackLoader:240 - Cannot read IP mode file for STMicroelectronics.X-CUBE-WB05N.2.0.0
2025-06-30 09:25:56,417 [WARN] PackLoader:240 - Cannot read IP mode file for wolfSSL.I-CUBE-wolfTPM.3.8.0
2025-06-30 09:25:56,459 [WARN] PackLoader:240 - Cannot read IP mode file for STMicroelectronics.X-CUBE-TCPP.4.2.0
2025-06-30 09:25:56,481 [WARN] PackLoader:240 - Cannot read IP mode file for RealThread.X-CUBE-RT-Thread_Nano.4.1.1
2025-06-30 09:25:56,498 [WARN] PackLoader:240 - Cannot read IP mode file for STMicroelectronics.FP-ATR-SIGFOX1.3.2.0
2025-06-30 09:25:56,519 [WARN] PackLoader:240 - Cannot read IP mode file for STMicroelectronics.X-CUBE-EEPRMA1.5.1.0
2025-06-30 09:25:56,553 [WARN] PackLoader:240 - Cannot read IP mode file for ITTIA_DB.I-CUBE-ITTIADB.8.9.0
2025-06-30 09:25:56,596 [WARN] PackLoader:240 - Cannot read IP mode file for STMicroelectronics.X-CUBE-ST67W61.1.0.0
2025-06-30 09:25:56,757 [WARN] PackLoader:240 - Cannot read IP mode file for SEGGER.I-CUBE-embOS.1.3.1
2025-06-30 09:25:56,886 [WARN] PackLoader:240 - Cannot read IP mode file for STMicroelectronics.X-CUBE-ALGOBUILD.1.4.0
2025-06-30 09:25:56,967 [WARN] PackLoader:240 - Cannot read IP mode file for STMicroelectronics.X-CUBE-MEMS1.11.3.0
2025-06-30 09:25:57,117 [WARN] PackLoader:240 - Cannot read IP mode file for STMicroelectronics.X-CUBE-PM33A1.1.0.0
2025-06-30 09:25:57,139 [WARN] PackLoader:240 - Cannot read IP mode file for STMicroelectronics.X-CUBE-AZRTOS-F4.1.1.0
2025-06-30 09:25:57,149 [WARN] PackLoader:240 - Cannot read IP mode file for Avnet-IotConnect.X-CUBE-IoTC-DA16k-PMOD.1.0.0
2025-06-30 09:25:57,155 [WARN] PackLoader:240 - Cannot read IP mode file for STMicroelectronics.X-CUBE-ISPU.2.1.0
2025-06-30 09:25:57,183 [WARN] PackLoader:240 - Cannot read IP mode file for STMicroelectronics.X-CUBE-AZRTOS-L5.2.0.0
2025-06-30 09:25:57,199 [WARN] PackLoader:240 - Cannot read IP mode file for STMicroelectronics.X-CUBE-NFC6.3.1.0
2025-06-30 09:25:57,210 [WARN] PackLoader:240 - Cannot read IP mode file for STMicroelectronics.X-CUBE-FREERTOS.1.3.1
2025-06-30 09:25:57,219 [WARN] PackLoader:240 - Cannot read IP mode file for STMicroelectronics.FP-SNS-STAIOTCFT.1.0.0
2025-06-30 09:25:57,229 [WARN] PackLoader:240 - Cannot read IP mode file for STMicroelectronics.X-CUBE-DPower.1.3.0
2025-06-30 09:25:57,257 [WARN] ConditionMgr:438 - getConditionDescription Invalid condition id : LAN8742 Phy interface Condition cause : null
2025-06-30 09:25:57,258 [WARN] PackLoader:240 - Cannot read IP mode file for STMicroelectronics.X-CUBE-AZRTOS-L4.2.0.0
2025-06-30 09:25:57,260 [WARN] ConditionMgr:1044 - genDependencies : Invalid condition id : LAN8742 Phy interface Condition cause : null
2025-06-30 09:25:57,260 [WARN] ConditionMgr:1044 - genDependencies : Invalid condition id : LAN8742 Phy interface Condition cause : null
2025-06-30 09:25:57,261 [WARN] ConditionMgr:1044 - genDependencies : Invalid condition id : LAN8742 Phy interface Condition cause : null
2025-06-30 09:25:57,275 [WARN] PackLoader:240 - Cannot read IP mode file for STMicroelectronics.X-CUBE-SFXS2LP1.4.0.0
2025-06-30 09:25:57,331 [WARN] PackLoader:240 - Cannot read IP mode file for STMicroelectronics.X-CUBE-AZRTOS-H7.3.3.0
2025-06-30 09:25:57,369 [WARN] ConditionMgr:438 - getConditionDescription Invalid condition id : UX DEVICE CLASS RTOS Condition cause : null
2025-06-30 09:25:57,370 [WARN] ConditionMgr:438 - getConditionDescription Invalid condition id : UX DEVICE CLASS RTOS Condition cause : null
2025-06-30 09:25:57,376 [WARN] PackLoader:240 - Cannot read IP mode file for STMicroelectronics.X-CUBE-AZRTOS-WB.2.0.0
2025-06-30 09:25:57,377 [WARN] ConditionMgr:1044 - genDependencies : Invalid condition id : UX DEVICE CLASS RTOS Condition cause : null
2025-06-30 09:25:57,377 [WARN] ConditionMgr:1044 - genDependencies : Invalid condition id : UX DEVICE CLASS RTOS Condition cause : null
2025-06-30 09:25:57,381 [WARN] ConditionMgr:1044 - genDependencies : Invalid condition id : UX DEVICE CLASS RTOS Condition cause : null
2025-06-30 09:25:57,385 [WARN] ConditionMgr:1044 - genDependencies : Invalid condition id : UX DEVICE CLASS RTOS Condition cause : null
2025-06-30 09:25:57,386 [WARN] ConditionMgr:1044 - genDependencies : Invalid condition id : UX DEVICE CLASS RTOS Condition cause : null
2025-06-30 09:25:57,398 [WARN] PackLoader:240 - Cannot read IP mode file for STMicroelectronics.X-CUBE-GNSS1.7.0.1
2025-06-30 09:25:57,423 [WARN] PackLoader:240 - Cannot read IP mode file for STMicroelectronics.X-CUBE-TOUCHGFX.4.25.0
2025-06-30 09:25:57,439 [WARN] PackLoader:240 - Cannot read IP mode file for STMicroelectronics.FP-SNS-STBOX1.2.0.0
2025-06-30 09:25:57,461 [WARN] PackLoader:240 - Cannot read IP mode file for STMicroelectronics.X-CUBE-SUBG2.5.0.0
2025-06-30 09:25:57,490 [WARN] PackLoader:240 - Cannot read IP mode file for STMicroelectronics.X-CUBE-AZRTOS-H7RS.1.1.0
2025-06-30 09:25:57,503 [WARN] PackLoader:240 - Cannot read IP mode file for Cesanta.I-CUBE-Mongoose.7.13.0
2025-06-30 09:25:57,525 [WARN] PackLoader:240 - Cannot read IP mode file for STMicroelectronics.X-CUBE-AZRTOS-G4.2.0.0
2025-06-30 09:25:57,537 [WARN] PackLoader:240 - Cannot read IP mode file for wolfSSL.I-CUBE-wolfSSH.1.4.20
2025-06-30 09:25:57,544 [WARN] PackLoader:240 - Cannot read IP mode file for STMicroelectronics.X-CUBE-NFC7.2.0.0
2025-06-30 09:25:57,561 [WARN] PackLoader:240 - Cannot read IP mode file for STMicroelectronics.X-CUBE-IPS.3.1.0
2025-06-30 09:25:57,576 [WARN] PackLoader:240 - Cannot read IP mode file for STMicroelectronics.X-CUBE-ALS.1.0.2
2025-06-30 09:25:57,584 [WARN] PackLoader:240 - Cannot read IP mode file for portGmbH.I-Cube-SoM-uGOAL.1.1.0
2025-06-30 09:25:57,598 [WARN] PackLoader:240 - Cannot read IP mode file for STMicroelectronics.X-CUBE-TOF1.3.4.3
2025-06-30 09:25:57,609 [INFO] ThirdParty:978 - Integrity check success = true
2025-06-30 09:25:57,609 [INFO] IntegrityCheckThread:100 - exiting critical section [integrity check]
2025-06-30 09:25:57,609 [INFO] IntegrityCheckThread:103 - End integrity checks thread
2025-06-30 11:21:26,230 [ERROR] LogOutputStream:75 - [STDERR_REDIRECT] 
